Ex1 (OOP) Simulator log: stage B2.json,  B2.call_a.csv
0.0,OOP_Ex1_Elevator_Simulator
0.0,Simulated Building, Building [-2,10]
0) ex1.Elevator_A, Elev_, id,0,  speed, 1.0, open: 2.0,  start: 3.0, close: 2.0,  stop: 3.0
1) ex1.Elevator_A, Elev_, id,1,  speed, 2.0, open: 2.0,  start: 3.0, close: 2.0,  stop: 3.0

0.0,Simulated Period starTime,0.0,  endTime,1104.1840186,  dt,1.0
0.0,Simulated  calls,Elevator log, size: 100
0.0,**** Simulation starts!! ****
5.0,Elevator call,4.37472729,0,-1,1,1, got allocated to elevator, 1
5.0,Elev,1,  arrived at src, 0, Elevator call,4.37472729,0,-1,2,1
5.0, elevID,1,  pos,0,  cmd, goto,-1
16.0,Elev,1,  arrived at dest, -1, this call is done!, Elevator call,4.37472729,0,-1,3,1, Done, dt, 11.62527271
17.0,Elevator call,16.95788289,-1,0,1,0, got allocated to elevator, 0
17.0, elevID,0,  pos,0,  cmd, goto,-1
23.0,Elevator call,22.0940563,0,-1,1,1, got allocated to elevator, 1
23.0, elevID,1,  pos,-1,  cmd, goto,0
28.0,Elev,0,  arrived at src, -1, Elevator call,16.95788289,-1,0,2,0
28.0, elevID,0,  pos,-1,  cmd, goto,0
34.0,Elev,1,  arrived at src, 0, Elevator call,22.0940563,0,-1,2,1
34.0, elevID,1,  pos,0,  cmd, goto,-1
39.0,Elev,0,  arrived at dest, 0, this call is done!, Elevator call,16.95788289,-1,0,3,0, Done, dt, 22.04211711
45.0,Elev,1,  arrived at dest, -1, this call is done!, Elevator call,22.0940563,0,-1,3,1, Done, dt, 22.9059437
86.0,Elevator call,85.52096662,3,2,1,1, got allocated to elevator, 1
86.0, elevID,1,  pos,-1,  cmd, goto,3
92.0,Elevator call,91.21019413,-1,-2,1,1, got allocated to elevator, 1
98.0,Elev,1,  arrived at src, 3, Elevator call,85.52096662,3,2,2,1
98.0, elevID,1,  pos,3,  cmd, goto,2
105.0,Elevator call,104.1370124,0,4,1,0, got allocated to elevator, 0
105.0,Elev,0,  arrived at src, 0, Elevator call,104.1370124,0,4,2,0
105.0, elevID,0,  pos,0,  cmd, goto,4
109.0,Elev,1,  arrived at dest, 2, this call is done!, Elevator call,85.52096662,3,2,3,1, Done, dt, 23.479033380000004
109.0, elevID,1,  pos,2,  cmd, goto,-1
110.0,Elevator call,109.2135291,-1,0,1,0, got allocated to elevator, 0
115.0,Elevator call,114.392351,3,0,1,1, got allocated to elevator, 1
119.0,Elev,0,  arrived at dest, 4, this call is done!, Elevator call,104.1370124,0,4,3,0, Done, dt, 14.862987599999997
119.0, elevID,0,  pos,4,  cmd, goto,-1
121.0,Elev,1,  arrived at src, -1, Elevator call,91.21019413,-1,-2,2,1
121.0, elevID,1,  pos,-1,  cmd, goto,-2
125.0,Elevator call,124.425571,0,9,1,0, got allocated to elevator, 0
, elevID,0,  pos,3,  cmd, stop,0
131.0,Elevator call,130.0249568,8,10,1,0, got allocated to elevator, 0
131.0,Elevator call,130.2249113,-1,1,1,0, got allocated to elevator, 0
132.0,Elev,1,  arrived at dest, -2, this call is done!, Elevator call,91.21019413,-1,-2,3,1, Done, dt, 40.789805869999995
132.0, elevID,1,  pos,-2,  cmd, goto,3
133.0,Elev,0,  arrived at src, 0, Elevator call,124.425571,0,9,2,0
133.0, elevID,0,  pos,0,  cmd, goto,-1
138.0,Elevator call,137.9515274,0,4,1,0, got allocated to elevator, 0
, elevID,0,  pos,0,  cmd, stop,0
143.0,Elev,0,  arrived at src, 0, Elevator call,137.9515274,0,4,2,0
143.0, elevID,0,  pos,0,  cmd, goto,-1
144.0,Elevator call,143.9133584,0,6,1,0, got allocated to elevator, 0
, elevID,0,  pos,0,  cmd, stop,0
145.0,Elev,1,  arrived at src, 3, Elevator call,114.392351,3,0,2,1
145.0, elevID,1,  pos,3,  cmd, goto,0
153.0,Elev,0,  arrived at src, 0, Elevator call,143.9133584,0,6,2,0
153.0, elevID,0,  pos,0,  cmd, goto,-1
157.0,Elev,1,  arrived at dest, 0, this call is done!, Elevator call,114.392351,3,0,3,1, Done, dt, 42.607648999999995
164.0,Elev,0,  arrived at src, -1, Elevator call,109.2135291,-1,0,2,0
164.0,Elev,0,  arrived at src, -1, Elevator call,130.2249113,-1,1,2,0
164.0, elevID,0,  pos,-1,  cmd, goto,0
170.0,Elevator call,169.7845834,-1,0,1,0, got allocated to elevator, 0
171.0,Elevator call,170.0099621,0,6,1,0, got allocated to elevator, 0
172.0,Elevator call,171.2117332,-1,8,1,0, got allocated to elevator, 0
175.0,Elevator call,174.8438515,0,-1,1,1, got allocated to elevator, 1
175.0,Elev,0,  arrived at dest, 0, this call is done!, Elevator call,109.2135291,-1,0,3,0, Done, dt, 65.7864709
175.0,Elev,0,  arrived at src, 0, Elevator call,170.0099621,0,6,2,0
175.0, elevID,0,  pos,0,  cmd, goto,1
175.0,Elev,1,  arrived at src, 0, Elevator call,174.8438515,0,-1,2,1
175.0, elevID,1,  pos,0,  cmd, goto,-1
186.0,Elev,0,  arrived at dest, 1, this call is done!, Elevator call,130.2249113,-1,1,3,0, Done, dt, 55.7750887
186.0, elevID,0,  pos,1,  cmd, goto,4
186.0,Elev,1,  arrived at dest, -1, this call is done!, Elevator call,174.8438515,0,-1,3,1, Done, dt, 11.1561485
188.0,Elevator call,187.1167862,-1,-2,1,1, got allocated to elevator, 1
188.0,Elevator call,187.7299318,-1,-2,1,1, got allocated to elevator, 1
188.0,Elev,1,  arrived at src, -1, Elevator call,187.1167862,-1,-2,2,1
188.0,Elev,1,  arrived at src, -1, Elevator call,187.7299318,-1,-2,2,1
188.0, elevID,1,  pos,-1,  cmd, goto,-2
196.0,Elevator call,195.9086965,0,7,1,0, got allocated to elevator, 0
198.0,Elevator call,197.5359191,-1,1,1,0, got allocated to elevator, 0
199.0,Elev,0,  arrived at dest, 4, this call is done!, Elevator call,137.9515274,0,4,3,0, Done, dt, 61.0484726
199.0, elevID,0,  pos,4,  cmd, goto,6
199.0,Elev,1,  arrived at dest, -2, this call is done!, Elevator call,187.1167862,-1,-2,3,1, Done, dt, 11.883213799999993
199.0,Elev,1,  arrived at dest, -2, this call is done!, Elevator call,187.7299318,-1,-2,3,1, Done, dt, 11.270068199999997
206.0,Elevator call,205.9895199,-1,0,1,0, got allocated to elevator, 0
211.0,Elev,0,  arrived at dest, 6, this call is done!, Elevator call,143.9133584,0,6,3,0, Done, dt, 67.08664160000001
211.0,Elev,0,  arrived at dest, 6, this call is done!, Elevator call,170.0099621,0,6,3,0, Done, dt, 40.990037900000004
211.0, elevID,0,  pos,6,  cmd, goto,8
223.0,Elev,0,  arrived at src, 8, Elevator call,130.0249568,8,10,2,0
223.0, elevID,0,  pos,8,  cmd, goto,9
228.0,Elevator call,227.0798305,-1,5,1,0, got allocated to elevator, 0
232.0,Elevator call,231.5157882,-1,0,1,0, got allocated to elevator, 0
233.0,Elevator call,232.9504362,0,-1,1,1, got allocated to elevator, 1
233.0, elevID,1,  pos,-2,  cmd, goto,0
234.0,Elev,0,  arrived at dest, 9, this call is done!, Elevator call,124.425571,0,9,3,0, Done, dt, 109.574429
234.0, elevID,0,  pos,9,  cmd, goto,10
244.0,Elev,1,  arrived at src, 0, Elevator call,232.9504362,0,-1,2,1
244.0, elevID,1,  pos,0,  cmd, goto,-1
245.0,Elev,0,  arrived at dest, 10, this call is done!, Elevator call,130.0249568,8,10,3,0, Done, dt, 114.97504319999999
245.0, elevID,0,  pos,10,  cmd, goto,0
252.0,Elevator call,251.1044469,-1,-2,1,1, got allocated to elevator, 1
252.0,Elevator call,251.2359335,0,9,1,0, got allocated to elevator, 0
255.0,Elevator call,254.6977153,3,4,1,0, got allocated to elevator, 0
, elevID,0,  pos,5,  cmd, stop,3
255.0,Elev,1,  arrived at dest, -1, this call is done!, Elevator call,232.9504362,0,-1,3,1, Done, dt, 22.049563799999987
255.0,Elev,1,  arrived at src, -1, Elevator call,251.1044469,-1,-2,2,1
255.0, elevID,1,  pos,-1,  cmd, goto,-2
258.0,Elevator call,257.7974435,-1,0,1,0, got allocated to elevator, 0
262.0,Elev,0,  arrived at src, 3, Elevator call,254.6977153,3,4,2,0
262.0, elevID,0,  pos,3,  cmd, goto,0
266.0,Elev,1,  arrived at dest, -2, this call is done!, Elevator call,251.1044469,-1,-2,3,1, Done, dt, 14.8955531
275.0,Elev,0,  arrived at src, 0, Elevator call,195.9086965,0,7,2,0
275.0,Elev,0,  arrived at src, 0, Elevator call,251.2359335,0,9,2,0
275.0, elevID,0,  pos,0,  cmd, goto,-1
286.0,Elev,0,  arrived at src, -1, Elevator call,169.7845834,-1,0,2,0
286.0,Elev,0,  arrived at src, -1, Elevator call,171.2117332,-1,8,2,0
286.0,Elev,0,  arrived at src, -1, Elevator call,197.5359191,-1,1,2,0
286.0,Elev,0,  arrived at src, -1, Elevator call,205.9895199,-1,0,2,0
286.0,Elev,0,  arrived at src, -1, Elevator call,227.0798305,-1,5,2,0
286.0,Elev,0,  arrived at src, -1, Elevator call,231.5157882,-1,0,2,0
286.0,Elev,0,  arrived at src, -1, Elevator call,257.7974435,-1,0,2,0
286.0, elevID,0,  pos,-1,  cmd, goto,0
296.0,Elevator call,295.7943357,0,1,1,0, got allocated to elevator, 0
297.0,Elev,0,  arrived at dest, 0, this call is done!, Elevator call,169.7845834,-1,0,3,0, Done, dt, 127.2154166
297.0,Elev,0,  arrived at dest, 0, this call is done!, Elevator call,205.9895199,-1,0,3,0, Done, dt, 91.0104801
297.0,Elev,0,  arrived at dest, 0, this call is done!, Elevator call,231.5157882,-1,0,3,0, Done, dt, 65.4842118
297.0,Elev,0,  arrived at dest, 0, this call is done!, Elevator call,257.7974435,-1,0,3,0, Done, dt, 39.202556500000014
297.0,Elev,0,  arrived at src, 0, Elevator call,295.7943357,0,1,2,0
297.0, elevID,0,  pos,0,  cmd, goto,1
305.0,Elevator call,304.9984388,6,0,1,1, got allocated to elevator, 1
305.0, elevID,1,  pos,-2,  cmd, goto,6
308.0,Elev,0,  arrived at dest, 1, this call is done!, Elevator call,197.5359191,-1,1,3,0, Done, dt, 110.4640809
308.0,Elev,0,  arrived at dest, 1, this call is done!, Elevator call,295.7943357,0,1,3,0, Done, dt, 12.205664300000024
308.0, elevID,0,  pos,1,  cmd, goto,4
310.0,Elevator call,309.3005383,0,-1,1,1, got allocated to elevator, 1
310.0, elevID,1,  pos,-2,  cmd, stop,0
313.0,Elevator call,312.3018556,0,-1,1,1, got allocated to elevator, 1
316.0,Elev,1,  arrived at src, 0, Elevator call,309.3005383,0,-1,2,1
316.0,Elev,1,  arrived at src, 0, Elevator call,312.3018556,0,-1,2,1
316.0, elevID,1,  pos,0,  cmd, goto,6
317.0,Elevator call,316.0323783,0,-1,1,1, got allocated to elevator, 1
317.0, elevID,1,  pos,0,  cmd, stop,0
320.0,Elevator call,319.905202,6,5,1,1, got allocated to elevator, 1
321.0,Elevator call,320.9760749,-1,0,1,0, got allocated to elevator, 0
321.0,Elev,0,  arrived at dest, 4, this call is done!, Elevator call,254.6977153,3,4,3,0, Done, dt, 66.3022847
321.0, elevID,0,  pos,4,  cmd, goto,5
322.0,Elevator call,321.370409,7,-1,1,1, got allocated to elevator, 1
326.0,Elev,1,  arrived at src, 0, Elevator call,316.0323783,0,-1,2,1
326.0, elevID,1,  pos,0,  cmd, goto,6
332.0,Elev,0,  arrived at dest, 5, this call is done!, Elevator call,227.0798305,-1,5,3,0, Done, dt, 104.92016949999999
332.0, elevID,0,  pos,5,  cmd, goto,7
333.0,Elevator call,332.4267319,0,10,1,0, got allocated to elevator, 0
337.0,Elevator call,336.9304305,-1,0,1,0, got allocated to elevator, 0
339.0,Elev,1,  arrived at src, 6, Elevator call,304.9984388,6,0,2,1
339.0,Elev,1,  arrived at src, 6, Elevator call,319.905202,6,5,2,1
339.0, elevID,1,  pos,6,  cmd, goto,7
344.0,Elev,0,  arrived at dest, 7, this call is done!, Elevator call,195.9086965,0,7,3,0, Done, dt, 148.0913035
344.0, elevID,0,  pos,7,  cmd, goto,8
350.0,Elev,1,  arrived at src, 7, Elevator call,321.370409,7,-1,2,1
350.0, elevID,1,  pos,7,  cmd, goto,5
355.0,Elev,0,  arrived at dest, 8, this call is done!, Elevator call,171.2117332,-1,8,3,0, Done, dt, 183.7882668
355.0, elevID,0,  pos,8,  cmd, goto,9
361.0,Elev,1,  arrived at dest, 5, this call is done!, Elevator call,319.905202,6,5,3,1, Done, dt, 41.094798000000026
361.0, elevID,1,  pos,5,  cmd, goto,0
366.0,Elev,0,  arrived at dest, 9, this call is done!, Elevator call,251.2359335,0,9,3,0, Done, dt, 114.76406650000001
366.0, elevID,0,  pos,9,  cmd, goto,0
374.0,Elev,1,  arrived at dest, 0, this call is done!, Elevator call,304.9984388,6,0,3,1, Done, dt, 69.00156120000003
374.0, elevID,1,  pos,0,  cmd, goto,-1
376.0,Elevator call,375.490481,1,0,1,1, got allocated to elevator, 1
385.0,Elev,0,  arrived at src, 0, Elevator call,332.4267319,0,10,2,0
385.0, elevID,0,  pos,0,  cmd, goto,-1
385.0,Elev,1,  arrived at dest, -1, this call is done!, Elevator call,309.3005383,0,-1,3,1, Done, dt, 75.69946169999997
385.0,Elev,1,  arrived at dest, -1, this call is done!, Elevator call,312.3018556,0,-1,3,1, Done, dt, 72.69814439999999
385.0,Elev,1,  arrived at dest, -1, this call is done!, Elevator call,316.0323783,0,-1,3,1, Done, dt, 68.9676217
385.0,Elev,1,  arrived at dest, -1, this call is done!, Elevator call,321.370409,7,-1,3,1, Done, dt, 63.629591000000005
385.0, elevID,1,  pos,-1,  cmd, goto,1
393.0,Elevator call,392.5160765,0,5,1,0, got allocated to elevator, 0
396.0,Elev,0,  arrived at src, -1, Elevator call,320.9760749,-1,0,2,0
396.0,Elev,0,  arrived at src, -1, Elevator call,336.9304305,-1,0,2,0
396.0, elevID,0,  pos,-1,  cmd, goto,0
396.0,Elev,1,  arrived at src, 1, Elevator call,375.490481,1,0,2,1
396.0, elevID,1,  pos,1,  cmd, goto,0
406.0,Elevator call,405.1821141,-1,10,1,0, got allocated to elevator, 0
407.0,Elev,0,  arrived at dest, 0, this call is done!, Elevator call,320.9760749,-1,0,3,0, Done, dt, 86.02392509999999
407.0,Elev,0,  arrived at dest, 0, this call is done!, Elevator call,336.9304305,-1,0,3,0, Done, dt, 70.0695695
407.0,Elev,0,  arrived at src, 0, Elevator call,392.5160765,0,5,2,0
407.0, elevID,0,  pos,0,  cmd, goto,5
407.0,Elev,1,  arrived at dest, 0, this call is done!, Elevator call,375.490481,1,0,3,1, Done, dt, 31.50951900000001
422.0,Elev,0,  arrived at dest, 5, this call is done!, Elevator call,392.5160765,0,5,3,0, Done, dt, 29.483923500000003
422.0, elevID,0,  pos,5,  cmd, goto,10
427.0,Elevator call,426.8615805,2,0,1,1, got allocated to elevator, 1
427.0, elevID,1,  pos,0,  cmd, goto,2
437.0,Elev,0,  arrived at dest, 10, this call is done!, Elevator call,332.4267319,0,10,3,0, Done, dt, 104.5732681
437.0, elevID,0,  pos,10,  cmd, goto,-1
438.0,Elevator call,437.1711158,1,0,1,1, got allocated to elevator, 1
438.0,Elev,1,  arrived at src, 2, Elevator call,426.8615805,2,0,2,1
438.0, elevID,1,  pos,2,  cmd, goto,1
449.0,Elev,1,  arrived at src, 1, Elevator call,437.1711158,1,0,2,1
449.0, elevID,1,  pos,1,  cmd, goto,0
458.0,Elev,0,  arrived at src, -1, Elevator call,405.1821141,-1,10,2,0
458.0, elevID,0,  pos,-1,  cmd, goto,10
460.0,Elev,1,  arrived at dest, 0, this call is done!, Elevator call,426.8615805,2,0,3,1, Done, dt, 33.1384195
460.0,Elev,1,  arrived at dest, 0, this call is done!, Elevator call,437.1711158,1,0,3,1, Done, dt, 22.828884200000005
473.0,Elevator call,472.7445474,10,-1,1,1, got allocated to elevator, 1
473.0, elevID,1,  pos,0,  cmd, goto,10
479.0,Elev,0,  arrived at dest, 10, this call is done!, Elevator call,405.1821141,-1,10,3,0, Done, dt, 73.81788590000002
488.0,Elev,1,  arrived at src, 10, Elevator call,472.7445474,10,-1,2,1
488.0, elevID,1,  pos,10,  cmd, goto,-1
501.0,Elevator call,500.3712045,8,-1,1,1, got allocated to elevator, 1
504.0,Elevator call,503.1384784,1,-1,1,1, got allocated to elevator, 1
504.0,Elev,1,  arrived at dest, -1, this call is done!, Elevator call,472.7445474,10,-1,3,1, Done, dt, 31.255452600000012
504.0, elevID,1,  pos,-1,  cmd, goto,1
505.0,Elevator call,504.4317942,0,-1,1,1, got allocated to elevator, 1
505.0, elevID,1,  pos,-1,  cmd, stop,0
515.0,Elev,1,  arrived at src, 0, Elevator call,504.4317942,0,-1,2,1
515.0, elevID,1,  pos,0,  cmd, goto,1
526.0,Elev,1,  arrived at src, 1, Elevator call,503.1384784,1,-1,2,1
526.0, elevID,1,  pos,1,  cmd, goto,8
530.0,Elevator call,529.6277472,3,-1,1,1, got allocated to elevator, 1
530.0, elevID,1,  pos,1,  cmd, stop,3
537.0,Elev,1,  arrived at src, 3, Elevator call,529.6277472,3,-1,2,1
537.0, elevID,1,  pos,3,  cmd, goto,8
538.0,Elevator call,537.7866884,-1,6,1,0, got allocated to elevator, 0
538.0, elevID,0,  pos,10,  cmd, goto,-1
545.0,Elevator call,544.7880392,6,-1,1,1, got allocated to elevator, 1
550.0,Elev,1,  arrived at src, 8, Elevator call,500.3712045,8,-1,2,1
550.0, elevID,1,  pos,8,  cmd, goto,6
555.0,Elevator call,554.0892923,4,0,1,1, got allocated to elevator, 1
558.0,Elevator call,557.244139,10,0,1,1, got allocated to elevator, 1
559.0,Elev,0,  arrived at src, -1, Elevator call,537.7866884,-1,6,2,0
559.0, elevID,0,  pos,-1,  cmd, goto,6
561.0,Elev,1,  arrived at src, 6, Elevator call,544.7880392,6,-1,2,1
561.0, elevID,1,  pos,6,  cmd, goto,4
566.0,Elevator call,565.0195522,0,-1,1,1, got allocated to elevator, 1
572.0,Elev,1,  arrived at src, 4, Elevator call,554.0892923,4,0,2,1
572.0, elevID,1,  pos,4,  cmd, goto,0
576.0,Elev,0,  arrived at dest, 6, this call is done!, Elevator call,537.7866884,-1,6,3,0, Done, dt, 38.2133116
582.0,Elevator call,581.870309,0,3,1,0, got allocated to elevator, 0
582.0, elevID,0,  pos,6,  cmd, goto,0
584.0,Elev,1,  arrived at dest, 0, this call is done!, Elevator call,554.0892923,4,0,3,1, Done, dt, 29.91070769999999
584.0,Elev,1,  arrived at src, 0, Elevator call,565.0195522,0,-1,2,1
584.0, elevID,1,  pos,0,  cmd, goto,-1
595.0,Elev,1,  arrived at dest, -1, this call is done!, Elevator call,500.3712045,8,-1,3,1, Done, dt, 94.62879550000002
595.0,Elev,1,  arrived at dest, -1, this call is done!, Elevator call,503.1384784,1,-1,3,1, Done, dt, 91.8615216
595.0,Elev,1,  arrived at dest, -1, this call is done!, Elevator call,504.4317942,0,-1,3,1, Done, dt, 90.56820579999999
595.0,Elev,1,  arrived at dest, -1, this call is done!, Elevator call,529.6277472,3,-1,3,1, Done, dt, 65.37225279999996
595.0,Elev,1,  arrived at dest, -1, this call is done!, Elevator call,544.7880392,6,-1,3,1, Done, dt, 50.21196080000004
595.0,Elev,1,  arrived at dest, -1, this call is done!, Elevator call,565.0195522,0,-1,3,1, Done, dt, 29.98044779999998
595.0, elevID,1,  pos,-1,  cmd, goto,10
597.0,Elevator call,596.1232023,8,0,1,1, got allocated to elevator, 1
597.0, elevID,1,  pos,-1,  cmd, stop,8
598.0,Elev,0,  arrived at src, 0, Elevator call,581.870309,0,3,2,0
598.0, elevID,0,  pos,0,  cmd, goto,3
601.0,Elevator call,600.931288,1,0,1,1, got allocated to elevator, 1
601.0, elevID,1,  pos,1,  cmd, stop,1
604.0,Elevator call,603.9342327,7,0,1,1, got allocated to elevator, 1
606.0,Elev,1,  arrived at src, 1, Elevator call,600.931288,1,0,2,1
606.0, elevID,1,  pos,1,  cmd, goto,7
611.0,Elev,0,  arrived at dest, 3, this call is done!, Elevator call,581.870309,0,3,3,0, Done, dt, 29.12969099999998
618.0,Elevator call,617.9628339,0,3,1,0, got allocated to elevator, 0
618.0, elevID,0,  pos,3,  cmd, goto,0
619.0,Elev,1,  arrived at src, 7, Elevator call,603.9342327,7,0,2,1
619.0, elevID,1,  pos,7,  cmd, goto,8
620.0,Elevator call,619.6454197,9,0,1,1, got allocated to elevator, 1
627.0,Elevator call,626.2116172,0,1,1,0, got allocated to elevator, 0
630.0,Elev,1,  arrived at src, 8, Elevator call,596.1232023,8,0,2,1
630.0, elevID,1,  pos,8,  cmd, goto,9
631.0,Elev,0,  arrived at src, 0, Elevator call,617.9628339,0,3,2,0
631.0,Elev,0,  arrived at src, 0, Elevator call,626.2116172,0,1,2,0
631.0, elevID,0,  pos,0,  cmd, goto,1
641.0,Elev,1,  arrived at src, 9, Elevator call,619.6454197,9,0,2,1
641.0, elevID,1,  pos,9,  cmd, goto,10
642.0,Elev,0,  arrived at dest, 1, this call is done!, Elevator call,626.2116172,0,1,3,0, Done, dt, 15.788382800000022
642.0, elevID,0,  pos,1,  cmd, goto,3
644.0,Elevator call,643.8547515,-1,2,1,0, got allocated to elevator, 0
652.0,Elev,1,  arrived at src, 10, Elevator call,557.244139,10,0,2,1
652.0, elevID,1,  pos,10,  cmd, goto,0
654.0,Elev,0,  arrived at dest, 3, this call is done!, Elevator call,617.9628339,0,3,3,0, Done, dt, 36.037166100000036
654.0, elevID,0,  pos,3,  cmd, goto,-1
661.0,Elevator call,660.0732908,6,10,1,0, got allocated to elevator, 0
662.0,Elevator call,661.042082,-1,3,1,0, got allocated to elevator, 0
663.0,Elevator call,662.1730528,-1,5,1,0, got allocated to elevator, 0
666.0,Elevator call,665.1155549,-1,8,1,0, got allocated to elevator, 0
667.0,Elevator call,666.0340295,4,0,1,1, got allocated to elevator, 1
667.0,Elevator call,666.2411587,5,-1,1,1, got allocated to elevator, 1
667.0,Elev,1,  arrived at dest, 0, this call is done!, Elevator call,557.244139,10,0,3,1, Done, dt, 109.75586099999998
667.0,Elev,1,  arrived at dest, 0, this call is done!, Elevator call,596.1232023,8,0,3,1, Done, dt, 70.8767977
667.0,Elev,1,  arrived at dest, 0, this call is done!, Elevator call,600.931288,1,0,3,1, Done, dt, 66.068712
667.0,Elev,1,  arrived at dest, 0, this call is done!, Elevator call,603.9342327,7,0,3,1, Done, dt, 63.06576729999995
667.0,Elev,1,  arrived at dest, 0, this call is done!, Elevator call,619.6454197,9,0,3,1, Done, dt, 47.35458029999995
667.0, elevID,1,  pos,0,  cmd, goto,4
668.0,Elev,0,  arrived at src, -1, Elevator call,643.8547515,-1,2,2,0
668.0,Elev,0,  arrived at src, -1, Elevator call,661.042082,-1,3,2,0
668.0,Elev,0,  arrived at src, -1, Elevator call,662.1730528,-1,5,2,0
668.0,Elev,0,  arrived at src, -1, Elevator call,665.1155549,-1,8,2,0
668.0, elevID,0,  pos,-1,  cmd, goto,2
673.0,Elevator call,672.6773142,0,-1,1,1, got allocated to elevator, 1
678.0,Elevator call,677.7341948,0,-1,1,1, got allocated to elevator, 1
679.0,Elevator call,678.9953585,-1,-2,1,1, got allocated to elevator, 1
679.0,Elev,1,  arrived at src, 4, Elevator call,666.0340295,4,0,2,1
679.0, elevID,1,  pos,4,  cmd, goto,5
681.0,Elev,0,  arrived at dest, 2, this call is done!, Elevator call,643.8547515,-1,2,3,0, Done, dt, 37.14524849999998
681.0, elevID,0,  pos,2,  cmd, goto,3
690.0,Elev,1,  arrived at src, 5, Elevator call,666.2411587,5,-1,2,1
690.0, elevID,1,  pos,5,  cmd, goto,0
692.0,Elev,0,  arrived at dest, 3, this call is done!, Elevator call,661.042082,-1,3,3,0, Done, dt, 30.95791799999995
692.0, elevID,0,  pos,3,  cmd, goto,5
696.0,Elevator call,695.2239882,0,10,1,0, got allocated to elevator, 0
703.0,Elev,1,  arrived at dest, 0, this call is done!, Elevator call,666.0340295,4,0,3,1, Done, dt, 36.965970500000026
703.0,Elev,1,  arrived at src, 0, Elevator call,672.6773142,0,-1,2,1
703.0,Elev,1,  arrived at src, 0, Elevator call,677.7341948,0,-1,2,1
703.0, elevID,1,  pos,0,  cmd, goto,-1
704.0,Elev,0,  arrived at dest, 5, this call is done!, Elevator call,662.1730528,-1,5,3,0, Done, dt, 41.82694719999995
704.0, elevID,0,  pos,5,  cmd, goto,6
707.0,Elevator call,706.1583475,-1,-2,1,1, got allocated to elevator, 1
711.0,Elevator call,710.324977,0,1,1,0, got allocated to elevator, 0
714.0,Elevator call,713.0191971,1,0,1,1, got allocated to elevator, 1
714.0,Elevator call,713.2499766,10,-1,1,1, got allocated to elevator, 1
714.0,Elev,1,  arrived at dest, -1, this call is done!, Elevator call,666.2411587,5,-1,3,1, Done, dt, 47.75884129999997
714.0,Elev,1,  arrived at dest, -1, this call is done!, Elevator call,672.6773142,0,-1,3,1, Done, dt, 41.322685800000045
714.0,Elev,1,  arrived at dest, -1, this call is done!, Elevator call,677.7341948,0,-1,3,1, Done, dt, 36.265805200000045
714.0,Elev,1,  arrived at src, -1, Elevator call,678.9953585,-1,-2,2,1
714.0,Elev,1,  arrived at src, -1, Elevator call,706.1583475,-1,-2,2,1
714.0, elevID,1,  pos,-1,  cmd, goto,-2
715.0,Elev,0,  arrived at src, 6, Elevator call,660.0732908,6,10,2,0
715.0, elevID,0,  pos,6,  cmd, goto,8
723.0,Elevator call,722.6161213,10,0,1,1, got allocated to elevator, 1
725.0,Elev,1,  arrived at dest, -2, this call is done!, Elevator call,678.9953585,-1,-2,3,1, Done, dt, 46.00464150000005
725.0,Elev,1,  arrived at dest, -2, this call is done!, Elevator call,706.1583475,-1,-2,3,1, Done, dt, 18.84165250000001
725.0, elevID,1,  pos,-2,  cmd, goto,1
727.0,Elev,0,  arrived at dest, 8, this call is done!, Elevator call,665.1155549,-1,8,3,0, Done, dt, 61.88444509999999
727.0, elevID,0,  pos,8,  cmd, goto,10
728.0,Elevator call,727.5146029,-1,0,1,0, got allocated to elevator, 0
733.0,Elevator call,732.9746341,6,-1,1,1, got allocated to elevator, 1
737.0,Elev,1,  arrived at src, 1, Elevator call,713.0191971,1,0,2,1
737.0, elevID,1,  pos,1,  cmd, goto,6
738.0,Elevator call,737.3147202,1,0,1,1, got allocated to elevator, 1
738.0, elevID,1,  pos,1,  cmd, stop,1
739.0,Elev,0,  arrived at dest, 10, this call is done!, Elevator call,660.0732908,6,10,3,0, Done, dt, 78.9267092
739.0, elevID,0,  pos,10,  cmd, goto,0
747.0,Elev,1,  arrived at src, 1, Elevator call,737.3147202,1,0,2,1
747.0, elevID,1,  pos,1,  cmd, goto,6
759.0,Elev,0,  arrived at src, 0, Elevator call,695.2239882,0,10,2,0
759.0,Elev,0,  arrived at src, 0, Elevator call,710.324977,0,1,2,0
759.0, elevID,0,  pos,0,  cmd, goto,-1
760.0,Elev,1,  arrived at src, 6, Elevator call,732.9746341,6,-1,2,1
760.0, elevID,1,  pos,6,  cmd, goto,10
770.0,Elev,0,  arrived at src, -1, Elevator call,727.5146029,-1,0,2,0
770.0, elevID,0,  pos,-1,  cmd, goto,0
772.0,Elev,1,  arrived at src, 10, Elevator call,713.2499766,10,-1,2,1
772.0,Elev,1,  arrived at src, 10, Elevator call,722.6161213,10,0,2,1
772.0, elevID,1,  pos,10,  cmd, goto,0
780.0,Elevator call,779.3996914,-1,5,1,0, got allocated to elevator, 0
781.0,Elev,0,  arrived at dest, 0, this call is done!, Elevator call,727.5146029,-1,0,3,0, Done, dt, 53.4853971
781.0, elevID,0,  pos,0,  cmd, goto,1
787.0,Elev,1,  arrived at dest, 0, this call is done!, Elevator call,713.0191971,1,0,3,1, Done, dt, 73.98080289999996
787.0,Elev,1,  arrived at dest, 0, this call is done!, Elevator call,722.6161213,10,0,3,1, Done, dt, 64.38387869999997
787.0,Elev,1,  arrived at dest, 0, this call is done!, Elevator call,737.3147202,1,0,3,1, Done, dt, 49.68527979999999
787.0, elevID,1,  pos,0,  cmd, goto,-1
792.0,Elev,0,  arrived at dest, 1, this call is done!, Elevator call,710.324977,0,1,3,0, Done, dt, 81.67502300000001
792.0, elevID,0,  pos,1,  cmd, goto,10
798.0,Elev,1,  arrived at dest, -1, this call is done!, Elevator call,713.2499766,10,-1,3,1, Done, dt, 84.75002340000003
798.0,Elev,1,  arrived at dest, -1, this call is done!, Elevator call,732.9746341,6,-1,3,1, Done, dt, 65.0253659
806.0,Elevator call,805.6754743,-1,-2,1,1, got allocated to elevator, 1
806.0,Elev,1,  arrived at src, -1, Elevator call,805.6754743,-1,-2,2,1
806.0, elevID,1,  pos,-1,  cmd, goto,-2
811.0,Elevator call,810.4469089,2,0,1,1, got allocated to elevator, 1
811.0,Elev,0,  arrived at dest, 10, this call is done!, Elevator call,695.2239882,0,10,3,0, Done, dt, 115.77601179999999
811.0, elevID,0,  pos,10,  cmd, goto,-1
817.0,Elevator call,816.1516998,7,-1,1,1, got allocated to elevator, 1
817.0,Elev,1,  arrived at dest, -2, this call is done!, Elevator call,805.6754743,-1,-2,3,1, Done, dt, 11.324525699999981
817.0, elevID,1,  pos,-2,  cmd, goto,2
826.0,Elevator call,825.4575185,7,0,1,1, got allocated to elevator, 1
829.0,Elev,1,  arrived at src, 2, Elevator call,810.4469089,2,0,2,1
829.0, elevID,1,  pos,2,  cmd, goto,7
832.0,Elev,0,  arrived at src, -1, Elevator call,779.3996914,-1,5,2,0
832.0, elevID,0,  pos,-1,  cmd, goto,5
840.0,Elevator call,839.8525653,0,1,1,0, got allocated to elevator, 0
842.0,Elev,1,  arrived at src, 7, Elevator call,816.1516998,7,-1,2,1
842.0,Elev,1,  arrived at src, 7, Elevator call,825.4575185,7,0,2,1
842.0, elevID,1,  pos,7,  cmd, goto,0
848.0,Elev,0,  arrived at dest, 5, this call is done!, Elevator call,779.3996914,-1,5,3,0, Done, dt, 68.60030859999995
848.0, elevID,0,  pos,5,  cmd, goto,0
855.0,Elevator call,854.2002278,6,-1,1,1, got allocated to elevator, 1
856.0,Elev,1,  arrived at dest, 0, this call is done!, Elevator call,810.4469089,2,0,3,1, Done, dt, 45.55309109999996
856.0,Elev,1,  arrived at dest, 0, this call is done!, Elevator call,825.4575185,7,0,3,1, Done, dt, 30.542481500000008
856.0, elevID,1,  pos,0,  cmd, goto,-1
863.0,Elev,0,  arrived at src, 0, Elevator call,839.8525653,0,1,2,0
863.0, elevID,0,  pos,0,  cmd, goto,1
864.0,Elevator call,863.8932913,0,-1,1,1, got allocated to elevator, 1
867.0,Elev,1,  arrived at dest, -1, this call is done!, Elevator call,816.1516998,7,-1,3,1, Done, dt, 50.84830020000004
867.0, elevID,1,  pos,-1,  cmd, goto,0
871.0,Elevator call,870.5053024,0,7,1,0, got allocated to elevator, 0
874.0,Elev,0,  arrived at dest, 1, this call is done!, Elevator call,839.8525653,0,1,3,0, Done, dt, 34.14743469999996
874.0, elevID,0,  pos,1,  cmd, goto,0
878.0,Elev,1,  arrived at src, 0, Elevator call,863.8932913,0,-1,2,1
878.0, elevID,1,  pos,0,  cmd, goto,6
885.0,Elev,0,  arrived at src, 0, Elevator call,870.5053024,0,7,2,0
885.0, elevID,0,  pos,0,  cmd, goto,7
887.0,Elevator call,886.5649993,-1,-2,1,1, got allocated to elevator, 1
891.0,Elev,1,  arrived at src, 6, Elevator call,854.2002278,6,-1,2,1
891.0, elevID,1,  pos,6,  cmd, goto,-1
893.0,Elevator call,892.5212151,9,-1,1,1, got allocated to elevator, 1
902.0,Elev,0,  arrived at dest, 7, this call is done!, Elevator call,870.5053024,0,7,3,0, Done, dt, 31.494697599999995
905.0,Elev,1,  arrived at dest, -1, this call is done!, Elevator call,854.2002278,6,-1,3,1, Done, dt, 50.79977220000001
905.0,Elev,1,  arrived at dest, -1, this call is done!, Elevator call,863.8932913,0,-1,3,1, Done, dt, 41.10670870000001
905.0,Elev,1,  arrived at src, -1, Elevator call,886.5649993,-1,-2,2,1
905.0, elevID,1,  pos,-1,  cmd, goto,-2
911.0,Elevator call,910.5388559,6,5,1,1, got allocated to elevator, 1
916.0,Elevator call,915.9490575,4,-1,1,1, got allocated to elevator, 1
916.0,Elev,1,  arrived at dest, -2, this call is done!, Elevator call,886.5649993,-1,-2,3,1, Done, dt, 29.435000700000046
916.0, elevID,1,  pos,-2,  cmd, goto,4
929.0,Elev,1,  arrived at src, 4, Elevator call,915.9490575,4,-1,2,1
929.0, elevID,1,  pos,4,  cmd, goto,6
934.0,Elevator call,933.8580452,7,5,1,1, got allocated to elevator, 1
940.0,Elev,1,  arrived at src, 6, Elevator call,910.5388559,6,5,2,1
940.0, elevID,1,  pos,6,  cmd, goto,7
951.0,Elev,1,  arrived at src, 7, Elevator call,933.8580452,7,5,2,1
951.0, elevID,1,  pos,7,  cmd, goto,9
962.0,Elevator call,961.6862856,6,-1,1,1, got allocated to elevator, 1
962.0,Elev,1,  arrived at src, 9, Elevator call,892.5212151,9,-1,2,1
962.0, elevID,1,  pos,9,  cmd, goto,6
973.0,Elevator call,972.8032126,1,0,1,1, got allocated to elevator, 1
974.0,Elev,1,  arrived at src, 6, Elevator call,961.6862856,6,-1,2,1
974.0, elevID,1,  pos,6,  cmd, goto,5
976.0,Elevator call,975.8361203,0,-1,1,1, got allocated to elevator, 1
979.0,Elevator call,978.5925149,10,0,1,1, got allocated to elevator, 1
979.0,Elevator call,978.6210501,10,-1,1,1, got allocated to elevator, 1
985.0,Elevator call,984.1840186,7,0,1,1, got allocated to elevator, 1
985.0,Elev,1,  arrived at dest, 5, this call is done!, Elevator call,910.5388559,6,5,3,1, Done, dt, 74.46114409999996
985.0,Elev,1,  arrived at dest, 5, this call is done!, Elevator call,933.8580452,7,5,3,1, Done, dt, 51.14195480000001
985.0, elevID,1,  pos,5,  cmd, goto,1
997.0,Elev,1,  arrived at src, 1, Elevator call,972.8032126,1,0,2,1
997.0, elevID,1,  pos,1,  cmd, goto,0
1008.0,Elev,1,  arrived at dest, 0, this call is done!, Elevator call,972.8032126,1,0,3,1, Done, dt, 35.19678739999995
1008.0,Elev,1,  arrived at src, 0, Elevator call,975.8361203,0,-1,2,1
1008.0, elevID,1,  pos,0,  cmd, goto,-1
1019.0,Elev,1,  arrived at dest, -1, this call is done!, Elevator call,892.5212151,9,-1,3,1, Done, dt, 126.47878490000005
1019.0,Elev,1,  arrived at dest, -1, this call is done!, Elevator call,915.9490575,4,-1,3,1, Done, dt, 103.05094250000002
1019.0,Elev,1,  arrived at dest, -1, this call is done!, Elevator call,961.6862856,6,-1,3,1, Done, dt, 57.31371439999998
1019.0,Elev,1,  arrived at dest, -1, this call is done!, Elevator call,975.8361203,0,-1,3,1, Done, dt, 43.16387970000005
1019.0, elevID,1,  pos,-1,  cmd, goto,7
1033.0,Elev,1,  arrived at src, 7, Elevator call,984.1840186,7,0,2,1
1033.0, elevID,1,  pos,7,  cmd, goto,10
1045.0,Elev,1,  arrived at src, 10, Elevator call,978.5925149,10,0,2,1
1045.0,Elev,1,  arrived at src, 10, Elevator call,978.6210501,10,-1,2,1
1045.0, elevID,1,  pos,10,  cmd, goto,0
1060.0,Elev,1,  arrived at dest, 0, this call is done!, Elevator call,978.5925149,10,0,3,1, Done, dt, 81.40748510000003
1060.0,Elev,1,  arrived at dest, 0, this call is done!, Elevator call,984.1840186,7,0,3,1, Done, dt, 75.81598140000006
1060.0, elevID,1,  pos,0,  cmd, goto,-1
1071.0,Elev,1,  arrived at dest, -1, this call is done!, Elevator call,978.6210501,10,-1,3,1, Done, dt, 92.37894989999995
1072.0,************* Simulation Ended ************
Code Owners,206398984,  Building_file,B2.json,  Calls,B2.call_a.csv
Total waiting time: 5782.0,  average waiting time per call: 57.82,  unCompleted calls,0,  certificate, -215693601
