Ex1 (OOP) Simulator log: stage B3.json,  B3.call_a.csv
0.0,OOP_Ex1_Elevator_Simulator
0.0,Simulated Building, Building [-10,100]
0) ex1.Elevator_A, Elev_, id,0,  speed, 3.0, open: 2.0,  start: 3.0, close: 2.0,  stop: 3.0
1) ex1.Elevator_A, Elev_, id,1,  speed, 7.0, open: 1.4285714285714286,  start: 2.142857142857143, close: 1.4285714285714286,  stop: 2.142857142857143

0.0,Simulated Period starTime,0.0,  endTime,1104.1840186,  dt,1.0
0.0,Simulated  calls,Elevator log, size: 100
0.0,**** Simulation starts!! ****
5.0,Elevator call,4.37472729,0,-1,1,1, got allocated to elevator, 1
5.0,Elev,1,  arrived at src, 0, Elevator call,4.37472729,0,-1,2,1
5.0, elevID,1,  pos,0,  cmd, goto,-1
13.0,Elev,1,  arrived at dest, -1, this call is done!, Elevator call,4.37472729,0,-1,3,1, Done, dt, 8.62527271
17.0,Elevator call,16.95788289,-1,0,1,0, got allocated to elevator, 0
17.0, elevID,0,  pos,0,  cmd, goto,-1
23.0,Elevator call,22.0940563,0,-1,1,1, got allocated to elevator, 1
23.0, elevID,1,  pos,-1,  cmd, goto,0
28.0,Elev,0,  arrived at src, -1, Elevator call,16.95788289,-1,0,2,0
28.0, elevID,0,  pos,-1,  cmd, goto,0
31.0,Elev,1,  arrived at src, 0, Elevator call,22.0940563,0,-1,2,1
31.0, elevID,1,  pos,0,  cmd, goto,-1
39.0,Elev,0,  arrived at dest, 0, this call is done!, Elevator call,16.95788289,-1,0,3,0, Done, dt, 22.04211711
39.0,Elev,1,  arrived at dest, -1, this call is done!, Elevator call,22.0940563,0,-1,3,1, Done, dt, 16.9059437
86.0,Elevator call,85.52096662,3,2,1,1, got allocated to elevator, 1
86.0, elevID,1,  pos,-1,  cmd, goto,3
92.0,Elevator call,91.21019413,-1,-2,1,1, got allocated to elevator, 1
94.0,Elev,1,  arrived at src, 3, Elevator call,85.52096662,3,2,2,1
94.0, elevID,1,  pos,3,  cmd, goto,2
102.0,Elev,1,  arrived at dest, 2, this call is done!, Elevator call,85.52096662,3,2,3,1, Done, dt, 16.479033380000004
102.0, elevID,1,  pos,2,  cmd, goto,-1
105.0,Elevator call,104.1370124,0,4,1,0, got allocated to elevator, 0
105.0,Elev,0,  arrived at src, 0, Elevator call,104.1370124,0,4,2,0
105.0, elevID,0,  pos,0,  cmd, goto,4
110.0,Elevator call,109.2135291,-1,0,1,0, got allocated to elevator, 0
110.0,Elev,1,  arrived at src, -1, Elevator call,91.21019413,-1,-2,2,1
110.0, elevID,1,  pos,-1,  cmd, goto,-2
115.0,Elevator call,114.392351,3,0,1,1, got allocated to elevator, 1
117.0,Elev,0,  arrived at dest, 4, this call is done!, Elevator call,104.1370124,0,4,3,0, Done, dt, 12.862987599999997
117.0, elevID,0,  pos,4,  cmd, goto,-1
118.0,Elev,1,  arrived at dest, -2, this call is done!, Elevator call,91.21019413,-1,-2,3,1, Done, dt, 26.789805869999995
118.0, elevID,1,  pos,-2,  cmd, goto,3
125.0,Elevator call,124.425571,0,9,1,0, got allocated to elevator, 0
126.0,Elev,1,  arrived at src, 3, Elevator call,114.392351,3,0,2,1
126.0, elevID,1,  pos,3,  cmd, goto,0
129.0,Elev,0,  arrived at src, -1, Elevator call,109.2135291,-1,0,2,0
129.0, elevID,0,  pos,-1,  cmd, goto,0
131.0,Elevator call,130.0249568,8,10,1,0, got allocated to elevator, 0
131.0,Elevator call,130.2249113,-1,1,1,0, got allocated to elevator, 0
131.0, elevID,0,  pos,-1,  cmd, stop,-1
134.0,Elev,1,  arrived at dest, 0, this call is done!, Elevator call,114.392351,3,0,3,1, Done, dt, 19.607648999999995
138.0,Elevator call,137.9515274,0,4,1,0, got allocated to elevator, 0
139.0,Elev,0,  arrived at src, -1, Elevator call,130.2249113,-1,1,2,0
139.0, elevID,0,  pos,-1,  cmd, goto,0
144.0,Elevator call,143.9133584,0,6,1,0, got allocated to elevator, 0
150.0,Elev,0,  arrived at dest, 0, this call is done!, Elevator call,109.2135291,-1,0,3,0, Done, dt, 40.7864709
150.0,Elev,0,  arrived at src, 0, Elevator call,124.425571,0,9,2,0
150.0,Elev,0,  arrived at src, 0, Elevator call,137.9515274,0,4,2,0
150.0,Elev,0,  arrived at src, 0, Elevator call,143.9133584,0,6,2,0
150.0, elevID,0,  pos,0,  cmd, goto,1
161.0,Elev,0,  arrived at dest, 1, this call is done!, Elevator call,130.2249113,-1,1,3,0, Done, dt, 30.775088699999998
161.0, elevID,0,  pos,1,  cmd, goto,4
170.0,Elevator call,169.7845834,-1,0,1,0, got allocated to elevator, 0
171.0,Elevator call,170.0099621,0,6,1,0, got allocated to elevator, 0
172.0,Elevator call,171.2117332,-1,8,1,0, got allocated to elevator, 0
172.0,Elev,0,  arrived at dest, 4, this call is done!, Elevator call,137.9515274,0,4,3,0, Done, dt, 34.0484726
172.0, elevID,0,  pos,4,  cmd, goto,6
175.0,Elevator call,174.8438515,0,-1,1,1, got allocated to elevator, 1
175.0,Elev,1,  arrived at src, 0, Elevator call,174.8438515,0,-1,2,1
175.0, elevID,1,  pos,0,  cmd, goto,-1
183.0,Elev,0,  arrived at dest, 6, this call is done!, Elevator call,143.9133584,0,6,3,0, Done, dt, 39.08664160000001
183.0, elevID,0,  pos,6,  cmd, goto,8
183.0,Elev,1,  arrived at dest, -1, this call is done!, Elevator call,174.8438515,0,-1,3,1, Done, dt, 8.1561485
188.0,Elevator call,187.1167862,-1,-2,1,1, got allocated to elevator, 1
188.0,Elevator call,187.7299318,-1,-2,1,1, got allocated to elevator, 1
188.0,Elev,1,  arrived at src, -1, Elevator call,187.1167862,-1,-2,2,1
188.0,Elev,1,  arrived at src, -1, Elevator call,187.7299318,-1,-2,2,1
188.0, elevID,1,  pos,-1,  cmd, goto,-2
194.0,Elev,0,  arrived at src, 8, Elevator call,130.0249568,8,10,2,0
194.0, elevID,0,  pos,8,  cmd, goto,9
196.0,Elevator call,195.9086965,0,7,1,0, got allocated to elevator, 0
196.0,Elev,1,  arrived at dest, -2, this call is done!, Elevator call,187.1167862,-1,-2,3,1, Done, dt, 8.883213799999993
196.0,Elev,1,  arrived at dest, -2, this call is done!, Elevator call,187.7299318,-1,-2,3,1, Done, dt, 8.270068199999997
198.0,Elevator call,197.5359191,-1,1,1,0, got allocated to elevator, 0
205.0,Elev,0,  arrived at dest, 9, this call is done!, Elevator call,124.425571,0,9,3,0, Done, dt, 80.574429
205.0, elevID,0,  pos,9,  cmd, goto,10
206.0,Elevator call,205.9895199,-1,0,1,0, got allocated to elevator, 0
216.0,Elev,0,  arrived at dest, 10, this call is done!, Elevator call,130.0249568,8,10,3,0, Done, dt, 85.97504319999999
216.0, elevID,0,  pos,10,  cmd, goto,0
228.0,Elevator call,227.0798305,-1,5,1,0, got allocated to elevator, 0
230.0,Elev,0,  arrived at src, 0, Elevator call,170.0099621,0,6,2,0
230.0,Elev,0,  arrived at src, 0, Elevator call,195.9086965,0,7,2,0
230.0, elevID,0,  pos,0,  cmd, goto,-1
232.0,Elevator call,231.5157882,-1,0,1,0, got allocated to elevator, 0
233.0,Elevator call,232.9504362,0,-1,1,1, got allocated to elevator, 1
233.0, elevID,1,  pos,-2,  cmd, goto,0
241.0,Elev,0,  arrived at src, -1, Elevator call,169.7845834,-1,0,2,0
241.0,Elev,0,  arrived at src, -1, Elevator call,171.2117332,-1,8,2,0
241.0,Elev,0,  arrived at src, -1, Elevator call,197.5359191,-1,1,2,0
241.0,Elev,0,  arrived at src, -1, Elevator call,205.9895199,-1,0,2,0
241.0,Elev,0,  arrived at src, -1, Elevator call,227.0798305,-1,5,2,0
241.0,Elev,0,  arrived at src, -1, Elevator call,231.5157882,-1,0,2,0
241.0, elevID,0,  pos,-1,  cmd, goto,0
241.0,Elev,1,  arrived at src, 0, Elevator call,232.9504362,0,-1,2,1
241.0, elevID,1,  pos,0,  cmd, goto,-1
249.0,Elev,1,  arrived at dest, -1, this call is done!, Elevator call,232.9504362,0,-1,3,1, Done, dt, 16.049563799999987
252.0,Elevator call,251.1044469,-1,-2,1,1, got allocated to elevator, 1
252.0,Elevator call,251.2359335,0,9,1,0, got allocated to elevator, 0
252.0,Elev,0,  arrived at dest, 0, this call is done!, Elevator call,169.7845834,-1,0,3,0, Done, dt, 82.2154166
252.0,Elev,0,  arrived at dest, 0, this call is done!, Elevator call,205.9895199,-1,0,3,0, Done, dt, 46.010480099999995
252.0,Elev,0,  arrived at dest, 0, this call is done!, Elevator call,231.5157882,-1,0,3,0, Done, dt, 20.484211799999997
252.0,Elev,0,  arrived at src, 0, Elevator call,251.2359335,0,9,2,0
252.0, elevID,0,  pos,0,  cmd, goto,1
252.0,Elev,1,  arrived at src, -1, Elevator call,251.1044469,-1,-2,2,1
252.0, elevID,1,  pos,-1,  cmd, goto,-2
255.0,Elevator call,254.6977153,3,4,1,0, got allocated to elevator, 0
258.0,Elevator call,257.7974435,-1,0,1,0, got allocated to elevator, 0
260.0,Elev,1,  arrived at dest, -2, this call is done!, Elevator call,251.1044469,-1,-2,3,1, Done, dt, 8.8955531
263.0,Elev,0,  arrived at dest, 1, this call is done!, Elevator call,197.5359191,-1,1,3,0, Done, dt, 65.4640809
263.0, elevID,0,  pos,1,  cmd, goto,3
274.0,Elev,0,  arrived at src, 3, Elevator call,254.6977153,3,4,2,0
274.0, elevID,0,  pos,3,  cmd, goto,4
285.0,Elev,0,  arrived at dest, 4, this call is done!, Elevator call,254.6977153,3,4,3,0, Done, dt, 30.3022847
285.0, elevID,0,  pos,4,  cmd, goto,5
296.0,Elevator call,295.7943357,0,1,1,0, got allocated to elevator, 0
296.0,Elev,0,  arrived at dest, 5, this call is done!, Elevator call,227.0798305,-1,5,3,0, Done, dt, 68.92016949999999
296.0, elevID,0,  pos,5,  cmd, goto,6
305.0,Elevator call,304.9984388,6,0,1,1, got allocated to elevator, 1
305.0, elevID,1,  pos,-2,  cmd, goto,6
307.0,Elev,0,  arrived at dest, 6, this call is done!, Elevator call,170.0099621,0,6,3,0, Done, dt, 136.9900379
307.0, elevID,0,  pos,6,  cmd, goto,7
310.0,Elevator call,309.3005383,0,-1,1,1, got allocated to elevator, 1
313.0,Elevator call,312.3018556,0,-1,1,1, got allocated to elevator, 1
314.0,Elev,1,  arrived at src, 6, Elevator call,304.9984388,6,0,2,1
314.0, elevID,1,  pos,6,  cmd, goto,0
317.0,Elevator call,316.0323783,0,-1,1,1, got allocated to elevator, 1
318.0,Elev,0,  arrived at dest, 7, this call is done!, Elevator call,195.9086965,0,7,3,0, Done, dt, 122.09130350000001
318.0, elevID,0,  pos,7,  cmd, goto,8
320.0,Elevator call,319.905202,6,5,1,1, got allocated to elevator, 1
321.0,Elevator call,320.9760749,-1,0,1,0, got allocated to elevator, 0
322.0,Elevator call,321.370409,7,-1,1,1, got allocated to elevator, 1
322.0,Elev,1,  arrived at dest, 0, this call is done!, Elevator call,304.9984388,6,0,3,1, Done, dt, 17.001561200000026
322.0,Elev,1,  arrived at src, 0, Elevator call,309.3005383,0,-1,2,1
322.0,Elev,1,  arrived at src, 0, Elevator call,312.3018556,0,-1,2,1
322.0,Elev,1,  arrived at src, 0, Elevator call,316.0323783,0,-1,2,1
322.0, elevID,1,  pos,0,  cmd, goto,-1
329.0,Elev,0,  arrived at dest, 8, this call is done!, Elevator call,171.2117332,-1,8,3,0, Done, dt, 157.7882668
329.0, elevID,0,  pos,8,  cmd, goto,9
330.0,Elev,1,  arrived at dest, -1, this call is done!, Elevator call,309.3005383,0,-1,3,1, Done, dt, 20.699461699999972
330.0,Elev,1,  arrived at dest, -1, this call is done!, Elevator call,312.3018556,0,-1,3,1, Done, dt, 17.69814439999999
330.0,Elev,1,  arrived at dest, -1, this call is done!, Elevator call,316.0323783,0,-1,3,1, Done, dt, 13.967621699999995
330.0, elevID,1,  pos,-1,  cmd, goto,6
333.0,Elevator call,332.4267319,0,10,1,0, got allocated to elevator, 0
337.0,Elevator call,336.9304305,-1,0,1,0, got allocated to elevator, 0
339.0,Elev,1,  arrived at src, 6, Elevator call,319.905202,6,5,2,1
339.0, elevID,1,  pos,6,  cmd, goto,7
340.0,Elev,0,  arrived at dest, 9, this call is done!, Elevator call,251.2359335,0,9,3,0, Done, dt, 88.76406650000001
340.0, elevID,0,  pos,9,  cmd, goto,0
347.0,Elev,1,  arrived at src, 7, Elevator call,321.370409,7,-1,2,1
347.0, elevID,1,  pos,7,  cmd, goto,5
353.0,Elev,0,  arrived at src, 0, Elevator call,295.7943357,0,1,2,0
353.0,Elev,0,  arrived at src, 0, Elevator call,332.4267319,0,10,2,0
353.0, elevID,0,  pos,0,  cmd, goto,-1
355.0,Elev,1,  arrived at dest, 5, this call is done!, Elevator call,319.905202,6,5,3,1, Done, dt, 35.094798000000026
355.0, elevID,1,  pos,5,  cmd, goto,-1
363.0,Elev,1,  arrived at dest, -1, this call is done!, Elevator call,321.370409,7,-1,3,1, Done, dt, 41.629591000000005
364.0,Elev,0,  arrived at src, -1, Elevator call,257.7974435,-1,0,2,0
364.0,Elev,0,  arrived at src, -1, Elevator call,320.9760749,-1,0,2,0
364.0,Elev,0,  arrived at src, -1, Elevator call,336.9304305,-1,0,2,0
364.0, elevID,0,  pos,-1,  cmd, goto,0
375.0,Elev,0,  arrived at dest, 0, this call is done!, Elevator call,257.7974435,-1,0,3,0, Done, dt, 117.20255650000001
375.0,Elev,0,  arrived at dest, 0, this call is done!, Elevator call,320.9760749,-1,0,3,0, Done, dt, 54.023925099999985
375.0,Elev,0,  arrived at dest, 0, this call is done!, Elevator call,336.9304305,-1,0,3,0, Done, dt, 38.0695695
375.0, elevID,0,  pos,0,  cmd, goto,1
376.0,Elevator call,375.490481,1,0,1,1, got allocated to elevator, 1
376.0, elevID,1,  pos,-1,  cmd, goto,1
384.0,Elev,1,  arrived at src, 1, Elevator call,375.490481,1,0,2,1
384.0, elevID,1,  pos,1,  cmd, goto,0
386.0,Elev,0,  arrived at dest, 1, this call is done!, Elevator call,295.7943357,0,1,3,0, Done, dt, 90.20566430000002
386.0, elevID,0,  pos,1,  cmd, goto,10
392.0,Elev,1,  arrived at dest, 0, this call is done!, Elevator call,375.490481,1,0,3,1, Done, dt, 16.50951900000001
393.0,Elevator call,392.5160765,0,5,1,0, got allocated to elevator, 0
399.0,Elev,0,  arrived at dest, 10, this call is done!, Elevator call,332.4267319,0,10,3,0, Done, dt, 66.5732681
399.0, elevID,0,  pos,10,  cmd, goto,0
406.0,Elevator call,405.1821141,-1,10,1,0, got allocated to elevator, 0
413.0,Elev,0,  arrived at src, 0, Elevator call,392.5160765,0,5,2,0
413.0, elevID,0,  pos,0,  cmd, goto,-1
424.0,Elev,0,  arrived at src, -1, Elevator call,405.1821141,-1,10,2,0
424.0, elevID,0,  pos,-1,  cmd, goto,5
427.0,Elevator call,426.8615805,2,0,1,1, got allocated to elevator, 1
427.0, elevID,1,  pos,0,  cmd, goto,2
435.0,Elev,1,  arrived at src, 2, Elevator call,426.8615805,2,0,2,1
435.0, elevID,1,  pos,2,  cmd, goto,0
436.0,Elev,0,  arrived at dest, 5, this call is done!, Elevator call,392.5160765,0,5,3,0, Done, dt, 43.4839235
436.0, elevID,0,  pos,5,  cmd, goto,10
438.0,Elevator call,437.1711158,1,0,1,1, got allocated to elevator, 1
, elevID,1,  pos,2,  cmd, stop,1
443.0,Elev,1,  arrived at src, 1, Elevator call,437.1711158,1,0,2,1
443.0, elevID,1,  pos,1,  cmd, goto,0
448.0,Elev,0,  arrived at dest, 10, this call is done!, Elevator call,405.1821141,-1,10,3,0, Done, dt, 42.81788590000002
451.0,Elev,1,  arrived at dest, 0, this call is done!, Elevator call,426.8615805,2,0,3,1, Done, dt, 24.138419499999998
451.0,Elev,1,  arrived at dest, 0, this call is done!, Elevator call,437.1711158,1,0,3,1, Done, dt, 13.828884200000005
473.0,Elevator call,472.7445474,10,-1,1,1, got allocated to elevator, 1
473.0, elevID,1,  pos,0,  cmd, goto,10
482.0,Elev,1,  arrived at src, 10, Elevator call,472.7445474,10,-1,2,1
482.0, elevID,1,  pos,10,  cmd, goto,-1
491.0,Elev,1,  arrived at dest, -1, this call is done!, Elevator call,472.7445474,10,-1,3,1, Done, dt, 18.255452600000012
501.0,Elevator call,500.3712045,8,-1,1,1, got allocated to elevator, 1
501.0, elevID,1,  pos,-1,  cmd, goto,8
504.0,Elevator call,503.1384784,1,-1,1,1, got allocated to elevator, 1
504.0, elevID,1,  pos,-1,  cmd, stop,1
505.0,Elevator call,504.4317942,0,-1,1,1, got allocated to elevator, 1
509.0,Elev,1,  arrived at src, 1, Elevator call,503.1384784,1,-1,2,1
509.0, elevID,1,  pos,1,  cmd, goto,8
518.0,Elev,1,  arrived at src, 8, Elevator call,500.3712045,8,-1,2,1
518.0, elevID,1,  pos,8,  cmd, goto,0
527.0,Elev,1,  arrived at src, 0, Elevator call,504.4317942,0,-1,2,1
527.0, elevID,1,  pos,0,  cmd, goto,-1
530.0,Elevator call,529.6277472,3,-1,1,1, got allocated to elevator, 1
535.0,Elev,1,  arrived at dest, -1, this call is done!, Elevator call,500.3712045,8,-1,3,1, Done, dt, 34.628795500000024
535.0,Elev,1,  arrived at dest, -1, this call is done!, Elevator call,503.1384784,1,-1,3,1, Done, dt, 31.861521600000003
535.0,Elev,1,  arrived at dest, -1, this call is done!, Elevator call,504.4317942,0,-1,3,1, Done, dt, 30.568205799999987
535.0, elevID,1,  pos,-1,  cmd, goto,3
538.0,Elevator call,537.7866884,-1,6,1,0, got allocated to elevator, 0
538.0, elevID,0,  pos,10,  cmd, goto,-1
543.0,Elev,1,  arrived at src, 3, Elevator call,529.6277472,3,-1,2,1
543.0, elevID,1,  pos,3,  cmd, goto,-1
545.0,Elevator call,544.7880392,6,-1,1,1, got allocated to elevator, 1
551.0,Elev,1,  arrived at dest, -1, this call is done!, Elevator call,529.6277472,3,-1,3,1, Done, dt, 21.372252799999956
551.0, elevID,1,  pos,-1,  cmd, goto,6
552.0,Elev,0,  arrived at src, -1, Elevator call,537.7866884,-1,6,2,0
552.0, elevID,0,  pos,-1,  cmd, goto,6
555.0,Elevator call,554.0892923,4,0,1,1, got allocated to elevator, 1
555.0, elevID,1,  pos,2,  cmd, stop,4
558.0,Elevator call,557.244139,10,0,1,1, got allocated to elevator, 1
559.0,Elev,1,  arrived at src, 4, Elevator call,554.0892923,4,0,2,1
559.0, elevID,1,  pos,4,  cmd, goto,6
565.0,Elev,0,  arrived at dest, 6, this call is done!, Elevator call,537.7866884,-1,6,3,0, Done, dt, 27.213311599999997
566.0,Elevator call,565.0195522,0,-1,1,1, got allocated to elevator, 1
567.0,Elev,1,  arrived at src, 6, Elevator call,544.7880392,6,-1,2,1
567.0, elevID,1,  pos,6,  cmd, goto,10
575.0,Elev,1,  arrived at src, 10, Elevator call,557.244139,10,0,2,1
575.0, elevID,1,  pos,10,  cmd, goto,0
582.0,Elevator call,581.870309,0,3,1,0, got allocated to elevator, 0
582.0, elevID,0,  pos,6,  cmd, goto,0
584.0,Elev,1,  arrived at dest, 0, this call is done!, Elevator call,554.0892923,4,0,3,1, Done, dt, 29.91070769999999
584.0,Elev,1,  arrived at dest, 0, this call is done!, Elevator call,557.244139,10,0,3,1, Done, dt, 26.75586099999998
584.0,Elev,1,  arrived at src, 0, Elevator call,565.0195522,0,-1,2,1
584.0, elevID,1,  pos,0,  cmd, goto,-1
592.0,Elev,1,  arrived at dest, -1, this call is done!, Elevator call,544.7880392,6,-1,3,1, Done, dt, 47.21196080000004
592.0,Elev,1,  arrived at dest, -1, this call is done!, Elevator call,565.0195522,0,-1,3,1, Done, dt, 26.98044779999998
594.0,Elev,0,  arrived at src, 0, Elevator call,581.870309,0,3,2,0
594.0, elevID,0,  pos,0,  cmd, goto,3
597.0,Elevator call,596.1232023,8,0,1,1, got allocated to elevator, 1
597.0, elevID,1,  pos,-1,  cmd, goto,8
601.0,Elevator call,600.931288,1,0,1,1, got allocated to elevator, 1
604.0,Elevator call,603.9342327,7,0,1,1, got allocated to elevator, 1
605.0,Elev,0,  arrived at dest, 3, this call is done!, Elevator call,581.870309,0,3,3,0, Done, dt, 23.12969099999998
606.0,Elev,1,  arrived at src, 8, Elevator call,596.1232023,8,0,2,1
606.0, elevID,1,  pos,8,  cmd, goto,7
614.0,Elev,1,  arrived at src, 7, Elevator call,603.9342327,7,0,2,1
614.0, elevID,1,  pos,7,  cmd, goto,1
618.0,Elevator call,617.9628339,0,3,1,0, got allocated to elevator, 0
618.0, elevID,0,  pos,3,  cmd, goto,0
620.0,Elevator call,619.6454197,9,0,1,1, got allocated to elevator, 1
622.0,Elev,1,  arrived at src, 1, Elevator call,600.931288,1,0,2,1
622.0, elevID,1,  pos,1,  cmd, goto,0
627.0,Elevator call,626.2116172,0,1,1,0, got allocated to elevator, 0
629.0,Elev,0,  arrived at src, 0, Elevator call,617.9628339,0,3,2,0
629.0,Elev,0,  arrived at src, 0, Elevator call,626.2116172,0,1,2,0
629.0, elevID,0,  pos,0,  cmd, goto,1
630.0,Elev,1,  arrived at dest, 0, this call is done!, Elevator call,596.1232023,8,0,3,1, Done, dt, 33.8767977
630.0,Elev,1,  arrived at dest, 0, this call is done!, Elevator call,600.931288,1,0,3,1, Done, dt, 29.068712000000005
630.0,Elev,1,  arrived at dest, 0, this call is done!, Elevator call,603.9342327,7,0,3,1, Done, dt, 26.065767299999948
630.0, elevID,1,  pos,0,  cmd, goto,9
639.0,Elev,1,  arrived at src, 9, Elevator call,619.6454197,9,0,2,1
639.0, elevID,1,  pos,9,  cmd, goto,0
640.0,Elev,0,  arrived at dest, 1, this call is done!, Elevator call,626.2116172,0,1,3,0, Done, dt, 13.788382800000022
640.0, elevID,0,  pos,1,  cmd, goto,3
644.0,Elevator call,643.8547515,-1,2,1,0, got allocated to elevator, 0
648.0,Elev,1,  arrived at dest, 0, this call is done!, Elevator call,619.6454197,9,0,3,1, Done, dt, 28.354580299999952
651.0,Elev,0,  arrived at dest, 3, this call is done!, Elevator call,617.9628339,0,3,3,0, Done, dt, 33.037166100000036
651.0, elevID,0,  pos,3,  cmd, goto,-1
661.0,Elevator call,660.0732908,6,10,1,0, got allocated to elevator, 0
662.0,Elevator call,661.042082,-1,3,1,0, got allocated to elevator, 0
663.0,Elevator call,662.1730528,-1,5,1,0, got allocated to elevator, 0
663.0,Elev,0,  arrived at src, -1, Elevator call,643.8547515,-1,2,2,0
663.0,Elev,0,  arrived at src, -1, Elevator call,661.042082,-1,3,2,0
663.0,Elev,0,  arrived at src, -1, Elevator call,662.1730528,-1,5,2,0
663.0, elevID,0,  pos,-1,  cmd, goto,2
666.0,Elevator call,665.1155549,-1,8,1,0, got allocated to elevator, 0
666.0, elevID,0,  pos,-1,  cmd, stop,-1
667.0,Elevator call,666.0340295,4,0,1,1, got allocated to elevator, 1
667.0,Elevator call,666.2411587,5,-1,1,1, got allocated to elevator, 1
667.0, elevID,1,  pos,0,  cmd, goto,4
673.0,Elevator call,672.6773142,0,-1,1,1, got allocated to elevator, 1
673.0,Elev,0,  arrived at src, -1, Elevator call,665.1155549,-1,8,2,0
673.0, elevID,0,  pos,-1,  cmd, goto,2
675.0,Elev,1,  arrived at src, 4, Elevator call,666.0340295,4,0,2,1
675.0, elevID,1,  pos,4,  cmd, goto,5
678.0,Elevator call,677.7341948,0,-1,1,1, got allocated to elevator, 1
679.0,Elevator call,678.9953585,-1,-2,1,1, got allocated to elevator, 1
683.0,Elev,1,  arrived at src, 5, Elevator call,666.2411587,5,-1,2,1
683.0, elevID,1,  pos,5,  cmd, goto,0
684.0,Elev,0,  arrived at dest, 2, this call is done!, Elevator call,643.8547515,-1,2,3,0, Done, dt, 40.14524849999998
684.0, elevID,0,  pos,2,  cmd, goto,3
691.0,Elev,1,  arrived at dest, 0, this call is done!, Elevator call,666.0340295,4,0,3,1, Done, dt, 24.965970500000026
691.0,Elev,1,  arrived at src, 0, Elevator call,672.6773142,0,-1,2,1
691.0,Elev,1,  arrived at src, 0, Elevator call,677.7341948,0,-1,2,1
691.0, elevID,1,  pos,0,  cmd, goto,-1
695.0,Elev,0,  arrived at dest, 3, this call is done!, Elevator call,661.042082,-1,3,3,0, Done, dt, 33.95791799999995
695.0, elevID,0,  pos,3,  cmd, goto,5
696.0,Elevator call,695.2239882,0,10,1,0, got allocated to elevator, 0
699.0,Elev,1,  arrived at dest, -1, this call is done!, Elevator call,666.2411587,5,-1,3,1, Done, dt, 32.75884129999997
699.0,Elev,1,  arrived at dest, -1, this call is done!, Elevator call,672.6773142,0,-1,3,1, Done, dt, 26.322685800000045
699.0,Elev,1,  arrived at dest, -1, this call is done!, Elevator call,677.7341948,0,-1,3,1, Done, dt, 21.265805200000045
699.0,Elev,1,  arrived at src, -1, Elevator call,678.9953585,-1,-2,2,1
699.0, elevID,1,  pos,-1,  cmd, goto,-2
706.0,Elev,0,  arrived at dest, 5, this call is done!, Elevator call,662.1730528,-1,5,3,0, Done, dt, 43.82694719999995
706.0, elevID,0,  pos,5,  cmd, goto,6
707.0,Elevator call,706.1583475,-1,-2,1,1, got allocated to elevator, 1
707.0,Elev,1,  arrived at dest, -2, this call is done!, Elevator call,678.9953585,-1,-2,3,1, Done, dt, 28.004641500000048
707.0, elevID,1,  pos,-2,  cmd, goto,-1
711.0,Elevator call,710.324977,0,1,1,0, got allocated to elevator, 0
714.0,Elevator call,713.0191971,1,0,1,1, got allocated to elevator, 1
714.0,Elevator call,713.2499766,10,-1,1,1, got allocated to elevator, 1
715.0,Elev,1,  arrived at src, -1, Elevator call,706.1583475,-1,-2,2,1
715.0, elevID,1,  pos,-1,  cmd, goto,1
717.0,Elev,0,  arrived at src, 6, Elevator call,660.0732908,6,10,2,0
717.0, elevID,0,  pos,6,  cmd, goto,8
723.0,Elevator call,722.6161213,10,0,1,1, got allocated to elevator, 1
723.0,Elev,1,  arrived at src, 1, Elevator call,713.0191971,1,0,2,1
723.0, elevID,1,  pos,1,  cmd, goto,10
728.0,Elevator call,727.5146029,-1,0,1,0, got allocated to elevator, 0
728.0,Elev,0,  arrived at dest, 8, this call is done!, Elevator call,665.1155549,-1,8,3,0, Done, dt, 62.88444509999999
728.0, elevID,0,  pos,8,  cmd, goto,10
732.0,Elev,1,  arrived at src, 10, Elevator call,713.2499766,10,-1,2,1
732.0,Elev,1,  arrived at src, 10, Elevator call,722.6161213,10,0,2,1
732.0, elevID,1,  pos,10,  cmd, goto,0
733.0,Elevator call,732.9746341,6,-1,1,1, got allocated to elevator, 1
, elevID,1,  pos,10,  cmd, stop,6
738.0,Elevator call,737.3147202,1,0,1,1, got allocated to elevator, 1
739.0,Elev,0,  arrived at dest, 10, this call is done!, Elevator call,660.0732908,6,10,3,0, Done, dt, 78.9267092
739.0, elevID,0,  pos,10,  cmd, goto,0
740.0,Elev,1,  arrived at src, 6, Elevator call,732.9746341,6,-1,2,1
740.0, elevID,1,  pos,6,  cmd, goto,1
748.0,Elev,1,  arrived at src, 1, Elevator call,737.3147202,1,0,2,1
748.0, elevID,1,  pos,1,  cmd, goto,0
753.0,Elev,0,  arrived at src, 0, Elevator call,695.2239882,0,10,2,0
753.0,Elev,0,  arrived at src, 0, Elevator call,710.324977,0,1,2,0
753.0, elevID,0,  pos,0,  cmd, goto,-1
756.0,Elev,1,  arrived at dest, 0, this call is done!, Elevator call,713.0191971,1,0,3,1, Done, dt, 42.98080289999996
756.0,Elev,1,  arrived at dest, 0, this call is done!, Elevator call,722.6161213,10,0,3,1, Done, dt, 33.38387869999997
756.0,Elev,1,  arrived at dest, 0, this call is done!, Elevator call,737.3147202,1,0,3,1, Done, dt, 18.68527979999999
756.0, elevID,1,  pos,0,  cmd, goto,-1
764.0,Elev,0,  arrived at src, -1, Elevator call,727.5146029,-1,0,2,0
764.0, elevID,0,  pos,-1,  cmd, goto,0
764.0,Elev,1,  arrived at dest, -1, this call is done!, Elevator call,713.2499766,10,-1,3,1, Done, dt, 50.75002340000003
764.0,Elev,1,  arrived at dest, -1, this call is done!, Elevator call,732.9746341,6,-1,3,1, Done, dt, 31.025365899999997
764.0, elevID,1,  pos,-1,  cmd, goto,-2
772.0,Elev,1,  arrived at dest, -2, this call is done!, Elevator call,706.1583475,-1,-2,3,1, Done, dt, 65.84165250000001
775.0,Elev,0,  arrived at dest, 0, this call is done!, Elevator call,727.5146029,-1,0,3,0, Done, dt, 47.4853971
775.0, elevID,0,  pos,0,  cmd, goto,1
780.0,Elevator call,779.3996914,-1,5,1,0, got allocated to elevator, 0
786.0,Elev,0,  arrived at dest, 1, this call is done!, Elevator call,710.324977,0,1,3,0, Done, dt, 75.67502300000001
786.0, elevID,0,  pos,1,  cmd, goto,10
799.0,Elev,0,  arrived at dest, 10, this call is done!, Elevator call,695.2239882,0,10,3,0, Done, dt, 103.77601179999999
799.0, elevID,0,  pos,10,  cmd, goto,-1
806.0,Elevator call,805.6754743,-1,-2,1,1, got allocated to elevator, 1
806.0, elevID,1,  pos,-2,  cmd, goto,-1
811.0,Elevator call,810.4469089,2,0,1,1, got allocated to elevator, 1
813.0,Elev,0,  arrived at src, -1, Elevator call,779.3996914,-1,5,2,0
813.0, elevID,0,  pos,-1,  cmd, goto,5
814.0,Elev,1,  arrived at src, -1, Elevator call,805.6754743,-1,-2,2,1
814.0, elevID,1,  pos,-1,  cmd, goto,2
817.0,Elevator call,816.1516998,7,-1,1,1, got allocated to elevator, 1
822.0,Elev,1,  arrived at src, 2, Elevator call,810.4469089,2,0,2,1
822.0, elevID,1,  pos,2,  cmd, goto,7
825.0,Elev,0,  arrived at dest, 5, this call is done!, Elevator call,779.3996914,-1,5,3,0, Done, dt, 45.60030859999995
826.0,Elevator call,825.4575185,7,0,1,1, got allocated to elevator, 1
830.0,Elev,1,  arrived at src, 7, Elevator call,816.1516998,7,-1,2,1
830.0,Elev,1,  arrived at src, 7, Elevator call,825.4575185,7,0,2,1
830.0, elevID,1,  pos,7,  cmd, goto,0
839.0,Elev,1,  arrived at dest, 0, this call is done!, Elevator call,810.4469089,2,0,3,1, Done, dt, 28.55309109999996
839.0,Elev,1,  arrived at dest, 0, this call is done!, Elevator call,825.4575185,7,0,3,1, Done, dt, 13.542481500000008
839.0, elevID,1,  pos,0,  cmd, goto,-1
840.0,Elevator call,839.8525653,0,1,1,0, got allocated to elevator, 0
840.0, elevID,0,  pos,5,  cmd, goto,0
847.0,Elev,1,  arrived at dest, -1, this call is done!, Elevator call,816.1516998,7,-1,3,1, Done, dt, 30.84830020000004
847.0, elevID,1,  pos,-1,  cmd, goto,-2
852.0,Elev,0,  arrived at src, 0, Elevator call,839.8525653,0,1,2,0
852.0, elevID,0,  pos,0,  cmd, goto,1
855.0,Elevator call,854.2002278,6,-1,1,1, got allocated to elevator, 1
855.0,Elev,1,  arrived at dest, -2, this call is done!, Elevator call,805.6754743,-1,-2,3,1, Done, dt, 49.32452569999998
855.0, elevID,1,  pos,-2,  cmd, goto,6
863.0,Elev,0,  arrived at dest, 1, this call is done!, Elevator call,839.8525653,0,1,3,0, Done, dt, 23.147434699999963
864.0,Elevator call,863.8932913,0,-1,1,1, got allocated to elevator, 1
864.0,Elev,1,  arrived at src, 6, Elevator call,854.2002278,6,-1,2,1
864.0, elevID,1,  pos,6,  cmd, goto,0
871.0,Elevator call,870.5053024,0,7,1,0, got allocated to elevator, 0
871.0, elevID,0,  pos,1,  cmd, goto,0
872.0,Elev,1,  arrived at src, 0, Elevator call,863.8932913,0,-1,2,1
872.0, elevID,1,  pos,0,  cmd, goto,-1
880.0,Elev,1,  arrived at dest, -1, this call is done!, Elevator call,854.2002278,6,-1,3,1, Done, dt, 25.799772200000007
880.0,Elev,1,  arrived at dest, -1, this call is done!, Elevator call,863.8932913,0,-1,3,1, Done, dt, 16.106708700000013
882.0,Elev,0,  arrived at src, 0, Elevator call,870.5053024,0,7,2,0
882.0, elevID,0,  pos,0,  cmd, goto,7
887.0,Elevator call,886.5649993,-1,-2,1,1, got allocated to elevator, 1
887.0,Elev,1,  arrived at src, -1, Elevator call,886.5649993,-1,-2,2,1
887.0, elevID,1,  pos,-1,  cmd, goto,-2
893.0,Elevator call,892.5212151,9,-1,1,1, got allocated to elevator, 1
895.0,Elev,0,  arrived at dest, 7, this call is done!, Elevator call,870.5053024,0,7,3,0, Done, dt, 24.494697599999995
895.0,Elev,1,  arrived at dest, -2, this call is done!, Elevator call,886.5649993,-1,-2,3,1, Done, dt, 8.435000700000046
895.0, elevID,1,  pos,-2,  cmd, goto,9
904.0,Elev,1,  arrived at src, 9, Elevator call,892.5212151,9,-1,2,1
904.0, elevID,1,  pos,9,  cmd, goto,-1
911.0,Elevator call,910.5388559,6,5,1,1, got allocated to elevator, 1
913.0,Elev,1,  arrived at dest, -1, this call is done!, Elevator call,892.5212151,9,-1,3,1, Done, dt, 20.47878490000005
913.0, elevID,1,  pos,-1,  cmd, goto,6
916.0,Elevator call,915.9490575,4,-1,1,1, got allocated to elevator, 1
916.0, elevID,1,  pos,-1,  cmd, stop,4
921.0,Elev,1,  arrived at src, 4, Elevator call,915.9490575,4,-1,2,1
921.0, elevID,1,  pos,4,  cmd, goto,6
929.0,Elev,1,  arrived at src, 6, Elevator call,910.5388559,6,5,2,1
929.0, elevID,1,  pos,6,  cmd, goto,5
934.0,Elevator call,933.8580452,7,5,1,1, got allocated to elevator, 1
937.0,Elev,1,  arrived at dest, 5, this call is done!, Elevator call,910.5388559,6,5,3,1, Done, dt, 26.461144099999956
937.0, elevID,1,  pos,5,  cmd, goto,-1
945.0,Elev,1,  arrived at dest, -1, this call is done!, Elevator call,915.9490575,4,-1,3,1, Done, dt, 29.05094250000002
945.0, elevID,1,  pos,-1,  cmd, goto,7
954.0,Elev,1,  arrived at src, 7, Elevator call,933.8580452,7,5,2,1
954.0, elevID,1,  pos,7,  cmd, goto,5
962.0,Elevator call,961.6862856,6,-1,1,1, got allocated to elevator, 1
962.0,Elev,1,  arrived at dest, 5, this call is done!, Elevator call,933.8580452,7,5,3,1, Done, dt, 28.141954800000008
962.0, elevID,1,  pos,5,  cmd, goto,6
970.0,Elev,1,  arrived at src, 6, Elevator call,961.6862856,6,-1,2,1
970.0, elevID,1,  pos,6,  cmd, goto,-1
973.0,Elevator call,972.8032126,1,0,1,1, got allocated to elevator, 1
, elevID,1,  pos,6,  cmd, stop,1
976.0,Elevator call,975.8361203,0,-1,1,1, got allocated to elevator, 1
978.0,Elev,1,  arrived at src, 1, Elevator call,972.8032126,1,0,2,1
978.0, elevID,1,  pos,1,  cmd, goto,0
979.0,Elevator call,978.5925149,10,0,1,1, got allocated to elevator, 1
979.0,Elevator call,978.6210501,10,-1,1,1, got allocated to elevator, 1
985.0,Elevator call,984.1840186,7,0,1,1, got allocated to elevator, 1
986.0,Elev,1,  arrived at dest, 0, this call is done!, Elevator call,972.8032126,1,0,3,1, Done, dt, 13.196787399999948
986.0,Elev,1,  arrived at src, 0, Elevator call,975.8361203,0,-1,2,1
986.0, elevID,1,  pos,0,  cmd, goto,-1
994.0,Elev,1,  arrived at dest, -1, this call is done!, Elevator call,961.6862856,6,-1,3,1, Done, dt, 32.31371439999998
994.0,Elev,1,  arrived at dest, -1, this call is done!, Elevator call,975.8361203,0,-1,3,1, Done, dt, 18.163879700000052
994.0, elevID,1,  pos,-1,  cmd, goto,7
1003.0,Elev,1,  arrived at src, 7, Elevator call,984.1840186,7,0,2,1
1003.0, elevID,1,  pos,7,  cmd, goto,10
1011.0,Elev,1,  arrived at src, 10, Elevator call,978.5925149,10,0,2,1
1011.0,Elev,1,  arrived at src, 10, Elevator call,978.6210501,10,-1,2,1
1011.0, elevID,1,  pos,10,  cmd, goto,0
1020.0,Elev,1,  arrived at dest, 0, this call is done!, Elevator call,978.5925149,10,0,3,1, Done, dt, 41.40748510000003
1020.0,Elev,1,  arrived at dest, 0, this call is done!, Elevator call,984.1840186,7,0,3,1, Done, dt, 35.815981400000055
1020.0, elevID,1,  pos,0,  cmd, goto,-1
1028.0,Elev,1,  arrived at dest, -1, this call is done!, Elevator call,978.6210501,10,-1,3,1, Done, dt, 49.37894989999995
1029.0,************* Simulation Ended ************
Code Owners,206398984,  Building_file,B3.json,  Calls,B3.call_a.csv
Total waiting time: 3812.0,  average waiting time per call: 38.12,  unCompleted calls,0,  certificate, -11725642
