Ex1 (OOP) Simulator log: stage B4.json,  B4.call_a.csv
0.0,OOP_Ex1_Elevator_Simulator
0.0,Simulated Building, Building [-10,100]
0) ex1.Elevator_A, Elev_, id,0,  speed, 1.0, open: 2.0,  start: 3.0, close: 2.0,  stop: 3.0
1) ex1.Elevator_A, Elev_, id,1,  speed, 2.0, open: 2.0,  start: 3.0, close: 2.0,  stop: 3.0
2) ex1.Elevator_A, Elev_, id,2,  speed, 8.0, open: 1.25,  start: 1.875, close: 1.25,  stop: 1.875
3) ex1.Elevator_A, Elev_, id,3,  speed, 6.0, open: 1.6666666666666667,  start: 2.5, close: 1.6666666666666667,  stop: 2.5
4) ex1.Elevator_A, Elev_, id,4,  speed, 2.0, open: 2.0,  start: 3.0, close: 2.0,  stop: 3.0

0.0,Simulated Period starTime,0.0,  endTime,1104.1840186,  dt,1.0
0.0,Simulated  calls,Elevator log, size: 100
0.0,**** Simulation starts!! ****
5.0,Elevator call,4.37472729,0,-1,1,2, got allocated to elevator, 2
5.0,Elev,2,  arrived at src, 0, Elevator call,4.37472729,0,-1,2,2
5.0, elevID,2,  pos,0,  cmd, goto,-1
12.0,Elev,2,  arrived at dest, -1, this call is done!, Elevator call,4.37472729,0,-1,3,2, Done, dt, 7.62527271
17.0,Elevator call,16.95788289,-1,0,1,3, got allocated to elevator, 3
17.0, elevID,3,  pos,0,  cmd, goto,-1
23.0,Elevator call,22.0940563,0,-1,1,2, got allocated to elevator, 2
23.0, elevID,2,  pos,-1,  cmd, goto,0
26.0,Elev,3,  arrived at src, -1, Elevator call,16.95788289,-1,0,2,3
26.0, elevID,3,  pos,-1,  cmd, goto,0
30.0,Elev,2,  arrived at src, 0, Elevator call,22.0940563,0,-1,2,2
30.0, elevID,2,  pos,0,  cmd, goto,-1
35.0,Elev,3,  arrived at dest, 0, this call is done!, Elevator call,16.95788289,-1,0,3,3, Done, dt, 18.04211711
37.0,Elev,2,  arrived at dest, -1, this call is done!, Elevator call,22.0940563,0,-1,3,2, Done, dt, 14.905943700000002
86.0,Elevator call,85.52096662,3,2,1,1, got allocated to elevator, 1
86.0, elevID,1,  pos,0,  cmd, goto,3
92.0,Elevator call,91.21019413,-1,-2,1,2, got allocated to elevator, 2
92.0,Elev,2,  arrived at src, -1, Elevator call,91.21019413,-1,-2,2,2
92.0, elevID,2,  pos,-1,  cmd, goto,-2
98.0,Elev,1,  arrived at src, 3, Elevator call,85.52096662,3,2,2,1
98.0, elevID,1,  pos,3,  cmd, goto,2
99.0,Elev,2,  arrived at dest, -2, this call is done!, Elevator call,91.21019413,-1,-2,3,2, Done, dt, 7.789805869999995
105.0,Elevator call,104.1370124,0,4,1,3, got allocated to elevator, 3
105.0,Elev,3,  arrived at src, 0, Elevator call,104.1370124,0,4,2,3
105.0, elevID,3,  pos,0,  cmd, goto,4
109.0,Elev,1,  arrived at dest, 2, this call is done!, Elevator call,85.52096662,3,2,3,1, Done, dt, 23.479033380000004
110.0,Elevator call,109.2135291,-1,0,1,3, got allocated to elevator, 3
114.0,Elev,3,  arrived at dest, 4, this call is done!, Elevator call,104.1370124,0,4,3,3, Done, dt, 9.862987599999997
114.0, elevID,3,  pos,4,  cmd, goto,-1
115.0,Elevator call,114.392351,3,0,1,1, got allocated to elevator, 1
115.0, elevID,1,  pos,2,  cmd, goto,3
124.0,Elev,3,  arrived at src, -1, Elevator call,109.2135291,-1,0,2,3
124.0, elevID,3,  pos,-1,  cmd, goto,0
125.0,Elevator call,124.425571,0,9,1,3, got allocated to elevator, 3
126.0,Elev,1,  arrived at src, 3, Elevator call,114.392351,3,0,2,1
126.0, elevID,1,  pos,3,  cmd, goto,0
131.0,Elevator call,130.0249568,8,10,1,4, got allocated to elevator, 4
131.0,Elevator call,130.2249113,-1,1,1,3, got allocated to elevator, 3
131.0, elevID,4,  pos,0,  cmd, goto,8
133.0,Elev,3,  arrived at dest, 0, this call is done!, Elevator call,109.2135291,-1,0,3,3, Done, dt, 23.786470899999998
133.0,Elev,3,  arrived at src, 0, Elevator call,124.425571,0,9,2,3
133.0, elevID,3,  pos,0,  cmd, goto,9
138.0,Elevator call,137.9515274,0,4,1,3, got allocated to elevator, 3
138.0,Elev,1,  arrived at dest, 0, this call is done!, Elevator call,114.392351,3,0,3,1, Done, dt, 23.607648999999995
143.0,Elev,3,  arrived at dest, 9, this call is done!, Elevator call,124.425571,0,9,3,3, Done, dt, 18.574428999999995
143.0, elevID,3,  pos,9,  cmd, goto,0
144.0,Elevator call,143.9133584,0,6,1,3, got allocated to elevator, 3
145.0,Elev,4,  arrived at src, 8, Elevator call,130.0249568,8,10,2,4
145.0, elevID,4,  pos,8,  cmd, goto,10
153.0,Elev,3,  arrived at src, 0, Elevator call,137.9515274,0,4,2,3
153.0,Elev,3,  arrived at src, 0, Elevator call,143.9133584,0,6,2,3
153.0, elevID,3,  pos,0,  cmd, goto,-1
156.0,Elev,4,  arrived at dest, 10, this call is done!, Elevator call,130.0249568,8,10,3,4, Done, dt, 25.975043199999988
162.0,Elev,3,  arrived at src, -1, Elevator call,130.2249113,-1,1,2,3
162.0, elevID,3,  pos,-1,  cmd, goto,1
170.0,Elevator call,169.7845834,-1,0,1,3, got allocated to elevator, 3
171.0,Elevator call,170.0099621,0,6,1,3, got allocated to elevator, 3
171.0,Elev,3,  arrived at dest, 1, this call is done!, Elevator call,130.2249113,-1,1,3,3, Done, dt, 40.7750887
171.0, elevID,3,  pos,1,  cmd, goto,4
172.0,Elevator call,171.2117332,-1,8,1,3, got allocated to elevator, 3
175.0,Elevator call,174.8438515,0,-1,1,2, got allocated to elevator, 2
175.0, elevID,2,  pos,-2,  cmd, goto,0
180.0,Elev,3,  arrived at dest, 4, this call is done!, Elevator call,137.9515274,0,4,3,3, Done, dt, 42.0484726
180.0, elevID,3,  pos,4,  cmd, goto,6
182.0,Elev,2,  arrived at src, 0, Elevator call,174.8438515,0,-1,2,2
182.0, elevID,2,  pos,0,  cmd, goto,-1
188.0,Elevator call,187.1167862,-1,-2,1,2, got allocated to elevator, 2
188.0,Elevator call,187.7299318,-1,-2,1,2, got allocated to elevator, 2
189.0,Elev,2,  arrived at dest, -1, this call is done!, Elevator call,174.8438515,0,-1,3,2, Done, dt, 14.1561485
189.0,Elev,2,  arrived at src, -1, Elevator call,187.1167862,-1,-2,2,2
189.0,Elev,2,  arrived at src, -1, Elevator call,187.7299318,-1,-2,2,2
189.0, elevID,2,  pos,-1,  cmd, goto,-2
189.0,Elev,3,  arrived at dest, 6, this call is done!, Elevator call,143.9133584,0,6,3,3, Done, dt, 45.08664160000001
189.0, elevID,3,  pos,6,  cmd, goto,0
196.0,Elevator call,195.9086965,0,7,1,3, got allocated to elevator, 3
196.0,Elev,2,  arrived at dest, -2, this call is done!, Elevator call,187.1167862,-1,-2,3,2, Done, dt, 8.883213799999993
196.0,Elev,2,  arrived at dest, -2, this call is done!, Elevator call,187.7299318,-1,-2,3,2, Done, dt, 8.270068199999997
198.0,Elevator call,197.5359191,-1,1,1,3, got allocated to elevator, 3
199.0,Elev,3,  arrived at src, 0, Elevator call,170.0099621,0,6,2,3
199.0,Elev,3,  arrived at src, 0, Elevator call,195.9086965,0,7,2,3
199.0, elevID,3,  pos,0,  cmd, goto,-1
206.0,Elevator call,205.9895199,-1,0,1,3, got allocated to elevator, 3
208.0,Elev,3,  arrived at src, -1, Elevator call,169.7845834,-1,0,2,3
208.0,Elev,3,  arrived at src, -1, Elevator call,171.2117332,-1,8,2,3
208.0,Elev,3,  arrived at src, -1, Elevator call,197.5359191,-1,1,2,3
208.0,Elev,3,  arrived at src, -1, Elevator call,205.9895199,-1,0,2,3
208.0, elevID,3,  pos,-1,  cmd, goto,0
217.0,Elev,3,  arrived at dest, 0, this call is done!, Elevator call,169.7845834,-1,0,3,3, Done, dt, 47.2154166
217.0,Elev,3,  arrived at dest, 0, this call is done!, Elevator call,205.9895199,-1,0,3,3, Done, dt, 11.010480099999995
217.0, elevID,3,  pos,0,  cmd, goto,1
226.0,Elev,3,  arrived at dest, 1, this call is done!, Elevator call,197.5359191,-1,1,3,3, Done, dt, 28.4640809
226.0, elevID,3,  pos,1,  cmd, goto,6
228.0,Elevator call,227.0798305,-1,5,1,3, got allocated to elevator, 3
232.0,Elevator call,231.5157882,-1,0,1,3, got allocated to elevator, 3
233.0,Elevator call,232.9504362,0,-1,1,2, got allocated to elevator, 2
233.0, elevID,2,  pos,-2,  cmd, goto,0
236.0,Elev,3,  arrived at dest, 6, this call is done!, Elevator call,170.0099621,0,6,3,3, Done, dt, 65.9900379
236.0, elevID,3,  pos,6,  cmd, goto,7
240.0,Elev,2,  arrived at src, 0, Elevator call,232.9504362,0,-1,2,2
240.0, elevID,2,  pos,0,  cmd, goto,-1
245.0,Elev,3,  arrived at dest, 7, this call is done!, Elevator call,195.9086965,0,7,3,3, Done, dt, 49.09130350000001
245.0, elevID,3,  pos,7,  cmd, goto,8
247.0,Elev,2,  arrived at dest, -1, this call is done!, Elevator call,232.9504362,0,-1,3,2, Done, dt, 14.049563799999987
252.0,Elevator call,251.1044469,-1,-2,1,2, got allocated to elevator, 2
252.0,Elevator call,251.2359335,0,9,1,3, got allocated to elevator, 3
252.0,Elev,2,  arrived at src, -1, Elevator call,251.1044469,-1,-2,2,2
252.0, elevID,2,  pos,-1,  cmd, goto,-2
254.0,Elev,3,  arrived at dest, 8, this call is done!, Elevator call,171.2117332,-1,8,3,3, Done, dt, 82.7882668
254.0, elevID,3,  pos,8,  cmd, goto,0
255.0,Elevator call,254.6977153,3,4,1,4, got allocated to elevator, 4
255.0, elevID,4,  pos,10,  cmd, goto,3
258.0,Elevator call,257.7974435,-1,0,1,3, got allocated to elevator, 3
259.0,Elev,2,  arrived at dest, -2, this call is done!, Elevator call,251.1044469,-1,-2,3,2, Done, dt, 7.895553100000001
264.0,Elev,3,  arrived at src, 0, Elevator call,251.2359335,0,9,2,3
264.0, elevID,3,  pos,0,  cmd, goto,-1
269.0,Elev,4,  arrived at src, 3, Elevator call,254.6977153,3,4,2,4
269.0, elevID,4,  pos,3,  cmd, goto,4
273.0,Elev,3,  arrived at src, -1, Elevator call,227.0798305,-1,5,2,3
273.0,Elev,3,  arrived at src, -1, Elevator call,231.5157882,-1,0,2,3
273.0,Elev,3,  arrived at src, -1, Elevator call,257.7974435,-1,0,2,3
273.0, elevID,3,  pos,-1,  cmd, goto,0
280.0,Elev,4,  arrived at dest, 4, this call is done!, Elevator call,254.6977153,3,4,3,4, Done, dt, 25.3022847
282.0,Elev,3,  arrived at dest, 0, this call is done!, Elevator call,231.5157882,-1,0,3,3, Done, dt, 50.4842118
282.0,Elev,3,  arrived at dest, 0, this call is done!, Elevator call,257.7974435,-1,0,3,3, Done, dt, 24.202556500000014
282.0, elevID,3,  pos,0,  cmd, goto,5
292.0,Elev,3,  arrived at dest, 5, this call is done!, Elevator call,227.0798305,-1,5,3,3, Done, dt, 64.92016949999999
292.0, elevID,3,  pos,5,  cmd, goto,9
296.0,Elevator call,295.7943357,0,1,1,3, got allocated to elevator, 3
301.0,Elev,3,  arrived at dest, 9, this call is done!, Elevator call,251.2359335,0,9,3,3, Done, dt, 49.76406650000001
301.0, elevID,3,  pos,9,  cmd, goto,0
305.0,Elevator call,304.9984388,6,0,1,1, got allocated to elevator, 1
305.0, elevID,1,  pos,0,  cmd, goto,6
310.0,Elevator call,309.3005383,0,-1,1,2, got allocated to elevator, 2
310.0, elevID,2,  pos,-2,  cmd, goto,0
311.0,Elev,3,  arrived at src, 0, Elevator call,295.7943357,0,1,2,3
311.0, elevID,3,  pos,0,  cmd, goto,1
313.0,Elevator call,312.3018556,0,-1,1,2, got allocated to elevator, 2
317.0,Elevator call,316.0323783,0,-1,1,2, got allocated to elevator, 2
317.0,Elev,2,  arrived at src, 0, Elevator call,309.3005383,0,-1,2,2
317.0,Elev,2,  arrived at src, 0, Elevator call,312.3018556,0,-1,2,2
317.0,Elev,2,  arrived at src, 0, Elevator call,316.0323783,0,-1,2,2
317.0, elevID,2,  pos,0,  cmd, goto,-1
318.0,Elev,1,  arrived at src, 6, Elevator call,304.9984388,6,0,2,1
318.0, elevID,1,  pos,6,  cmd, goto,0
320.0,Elevator call,319.905202,6,5,1,1, got allocated to elevator, 1
, elevID,1,  pos,6,  cmd, stop,6
320.0,Elev,3,  arrived at dest, 1, this call is done!, Elevator call,295.7943357,0,1,3,3, Done, dt, 24.205664300000024
321.0,Elevator call,320.9760749,-1,0,1,3, got allocated to elevator, 3
321.0, elevID,3,  pos,1,  cmd, goto,-1
322.0,Elevator call,321.370409,7,-1,1,1, got allocated to elevator, 1
324.0,Elev,2,  arrived at dest, -1, this call is done!, Elevator call,309.3005383,0,-1,3,2, Done, dt, 14.699461699999972
324.0,Elev,2,  arrived at dest, -1, this call is done!, Elevator call,312.3018556,0,-1,3,2, Done, dt, 11.69814439999999
324.0,Elev,2,  arrived at dest, -1, this call is done!, Elevator call,316.0323783,0,-1,3,2, Done, dt, 7.967621699999995
328.0,Elev,1,  arrived at src, 6, Elevator call,319.905202,6,5,2,1
328.0, elevID,1,  pos,6,  cmd, goto,5
330.0,Elev,3,  arrived at src, -1, Elevator call,320.9760749,-1,0,2,3
330.0, elevID,3,  pos,-1,  cmd, goto,0
333.0,Elevator call,332.4267319,0,10,1,3, got allocated to elevator, 3
337.0,Elevator call,336.9304305,-1,0,1,3, got allocated to elevator, 3
339.0,Elev,1,  arrived at dest, 5, this call is done!, Elevator call,319.905202,6,5,3,1, Done, dt, 19.094798000000026
339.0, elevID,1,  pos,5,  cmd, goto,0
339.0,Elev,3,  arrived at dest, 0, this call is done!, Elevator call,320.9760749,-1,0,3,3, Done, dt, 18.023925099999985
339.0,Elev,3,  arrived at src, 0, Elevator call,332.4267319,0,10,2,3
339.0, elevID,3,  pos,0,  cmd, goto,10
349.0,Elev,3,  arrived at dest, 10, this call is done!, Elevator call,332.4267319,0,10,3,3, Done, dt, 16.573268100000007
349.0, elevID,3,  pos,10,  cmd, goto,-1
352.0,Elev,1,  arrived at dest, 0, this call is done!, Elevator call,304.9984388,6,0,3,1, Done, dt, 47.001561200000026
352.0, elevID,1,  pos,0,  cmd, goto,7
360.0,Elev,3,  arrived at src, -1, Elevator call,336.9304305,-1,0,2,3
360.0, elevID,3,  pos,-1,  cmd, goto,0
366.0,Elev,1,  arrived at src, 7, Elevator call,321.370409,7,-1,2,1
366.0, elevID,1,  pos,7,  cmd, goto,-1
369.0,Elev,3,  arrived at dest, 0, this call is done!, Elevator call,336.9304305,-1,0,3,3, Done, dt, 32.0695695
376.0,Elevator call,375.490481,1,0,1,0, got allocated to elevator, 0
376.0, elevID,0,  pos,0,  cmd, goto,1
380.0,Elev,1,  arrived at dest, -1, this call is done!, Elevator call,321.370409,7,-1,3,1, Done, dt, 58.629591000000005
387.0,Elev,0,  arrived at src, 1, Elevator call,375.490481,1,0,2,0
387.0, elevID,0,  pos,1,  cmd, goto,0
393.0,Elevator call,392.5160765,0,5,1,3, got allocated to elevator, 3
393.0,Elev,3,  arrived at src, 0, Elevator call,392.5160765,0,5,2,3
393.0, elevID,3,  pos,0,  cmd, goto,5
398.0,Elev,0,  arrived at dest, 0, this call is done!, Elevator call,375.490481,1,0,3,0, Done, dt, 22.50951900000001
403.0,Elev,3,  arrived at dest, 5, this call is done!, Elevator call,392.5160765,0,5,3,3, Done, dt, 10.483923500000003
406.0,Elevator call,405.1821141,-1,10,1,3, got allocated to elevator, 3
406.0, elevID,3,  pos,5,  cmd, goto,-1
416.0,Elev,3,  arrived at src, -1, Elevator call,405.1821141,-1,10,2,3
416.0, elevID,3,  pos,-1,  cmd, goto,10
427.0,Elevator call,426.8615805,2,0,1,1, got allocated to elevator, 1
427.0, elevID,1,  pos,-1,  cmd, goto,2
427.0,Elev,3,  arrived at dest, 10, this call is done!, Elevator call,405.1821141,-1,10,3,3, Done, dt, 21.81788590000002
438.0,Elevator call,437.1711158,1,0,1,0, got allocated to elevator, 0
438.0, elevID,0,  pos,0,  cmd, goto,1
439.0,Elev,1,  arrived at src, 2, Elevator call,426.8615805,2,0,2,1
439.0, elevID,1,  pos,2,  cmd, goto,0
449.0,Elev,0,  arrived at src, 1, Elevator call,437.1711158,1,0,2,0
449.0, elevID,0,  pos,1,  cmd, goto,0
450.0,Elev,1,  arrived at dest, 0, this call is done!, Elevator call,426.8615805,2,0,3,1, Done, dt, 23.138419499999998
460.0,Elev,0,  arrived at dest, 0, this call is done!, Elevator call,437.1711158,1,0,3,0, Done, dt, 22.828884200000005
473.0,Elevator call,472.7445474,10,-1,1,2, got allocated to elevator, 2
473.0, elevID,2,  pos,-1,  cmd, goto,10
481.0,Elev,2,  arrived at src, 10, Elevator call,472.7445474,10,-1,2,2
481.0, elevID,2,  pos,10,  cmd, goto,-1
489.0,Elev,2,  arrived at dest, -1, this call is done!, Elevator call,472.7445474,10,-1,3,2, Done, dt, 16.255452600000012
501.0,Elevator call,500.3712045,8,-1,1,1, got allocated to elevator, 1
501.0, elevID,1,  pos,0,  cmd, goto,8
504.0,Elevator call,503.1384784,1,-1,1,0, got allocated to elevator, 0
504.0, elevID,0,  pos,0,  cmd, goto,1
505.0,Elevator call,504.4317942,0,-1,1,2, got allocated to elevator, 2
505.0, elevID,2,  pos,-1,  cmd, goto,0
512.0,Elev,2,  arrived at src, 0, Elevator call,504.4317942,0,-1,2,2
512.0, elevID,2,  pos,0,  cmd, goto,-1
515.0,Elev,0,  arrived at src, 1, Elevator call,503.1384784,1,-1,2,0
515.0, elevID,0,  pos,1,  cmd, goto,-1
515.0,Elev,1,  arrived at src, 8, Elevator call,500.3712045,8,-1,2,1
515.0, elevID,1,  pos,8,  cmd, goto,-1
519.0,Elev,2,  arrived at dest, -1, this call is done!, Elevator call,504.4317942,0,-1,3,2, Done, dt, 14.568205799999987
527.0,Elev,0,  arrived at dest, -1, this call is done!, Elevator call,503.1384784,1,-1,3,0, Done, dt, 23.861521600000003
530.0,Elevator call,529.6277472,3,-1,1,1, got allocated to elevator, 1
530.0,Elev,1,  arrived at dest, -1, this call is done!, Elevator call,500.3712045,8,-1,3,1, Done, dt, 29.628795500000024
530.0, elevID,1,  pos,-1,  cmd, goto,3
538.0,Elevator call,537.7866884,-1,6,1,3, got allocated to elevator, 3
538.0, elevID,3,  pos,10,  cmd, goto,-1
542.0,Elev,1,  arrived at src, 3, Elevator call,529.6277472,3,-1,2,1
542.0, elevID,1,  pos,3,  cmd, goto,-1
545.0,Elevator call,544.7880392,6,-1,1,1, got allocated to elevator, 1
549.0,Elev,3,  arrived at src, -1, Elevator call,537.7866884,-1,6,2,3
549.0, elevID,3,  pos,-1,  cmd, goto,6
554.0,Elev,1,  arrived at dest, -1, this call is done!, Elevator call,529.6277472,3,-1,3,1, Done, dt, 24.372252799999956
554.0, elevID,1,  pos,-1,  cmd, goto,6
555.0,Elevator call,554.0892923,4,0,1,1, got allocated to elevator, 1
555.0, elevID,1,  pos,-1,  cmd, stop,4
558.0,Elevator call,557.244139,10,0,1,2, got allocated to elevator, 2
558.0, elevID,2,  pos,-1,  cmd, goto,10
559.0,Elev,3,  arrived at dest, 6, this call is done!, Elevator call,537.7866884,-1,6,3,3, Done, dt, 21.213311599999997
566.0,Elevator call,565.0195522,0,-1,1,2, got allocated to elevator, 2
566.0,Elev,2,  arrived at src, 10, Elevator call,557.244139,10,0,2,2
566.0, elevID,2,  pos,10,  cmd, goto,0
567.0,Elev,1,  arrived at src, 4, Elevator call,554.0892923,4,0,2,1
567.0, elevID,1,  pos,4,  cmd, goto,6
574.0,Elev,2,  arrived at dest, 0, this call is done!, Elevator call,557.244139,10,0,3,2, Done, dt, 16.75586099999998
574.0,Elev,2,  arrived at src, 0, Elevator call,565.0195522,0,-1,2,2
574.0, elevID,2,  pos,0,  cmd, goto,-1
578.0,Elev,1,  arrived at src, 6, Elevator call,544.7880392,6,-1,2,1
578.0, elevID,1,  pos,6,  cmd, goto,0
581.0,Elev,2,  arrived at dest, -1, this call is done!, Elevator call,565.0195522,0,-1,3,2, Done, dt, 15.980447799999979
582.0,Elevator call,581.870309,0,3,1,3, got allocated to elevator, 3
582.0, elevID,3,  pos,6,  cmd, goto,0
591.0,Elev,1,  arrived at dest, 0, this call is done!, Elevator call,554.0892923,4,0,3,1, Done, dt, 36.91070769999999
591.0, elevID,1,  pos,0,  cmd, goto,-1
592.0,Elev,3,  arrived at src, 0, Elevator call,581.870309,0,3,2,3
592.0, elevID,3,  pos,0,  cmd, goto,3
597.0,Elevator call,596.1232023,8,0,1,1, got allocated to elevator, 1
601.0,Elevator call,600.931288,1,0,1,0, got allocated to elevator, 0
601.0, elevID,0,  pos,-1,  cmd, goto,1
601.0,Elev,3,  arrived at dest, 3, this call is done!, Elevator call,581.870309,0,3,3,3, Done, dt, 19.12969099999998
602.0,Elev,1,  arrived at dest, -1, this call is done!, Elevator call,544.7880392,6,-1,3,1, Done, dt, 57.21196080000004
602.0, elevID,1,  pos,-1,  cmd, goto,8
604.0,Elevator call,603.9342327,7,0,1,1, got allocated to elevator, 1
604.0, elevID,1,  pos,-1,  cmd, stop,7
613.0,Elev,0,  arrived at src, 1, Elevator call,600.931288,1,0,2,0
613.0, elevID,0,  pos,1,  cmd, goto,0
616.0,Elev,1,  arrived at src, 7, Elevator call,603.9342327,7,0,2,1
616.0, elevID,1,  pos,7,  cmd, goto,8
618.0,Elevator call,617.9628339,0,3,1,3, got allocated to elevator, 3
618.0, elevID,3,  pos,3,  cmd, goto,0
620.0,Elevator call,619.6454197,9,0,1,1, got allocated to elevator, 1
624.0,Elev,0,  arrived at dest, 0, this call is done!, Elevator call,600.931288,1,0,3,0, Done, dt, 23.068712000000005
627.0,Elevator call,626.2116172,0,1,1,3, got allocated to elevator, 3
627.0,Elev,1,  arrived at src, 8, Elevator call,596.1232023,8,0,2,1
627.0, elevID,1,  pos,8,  cmd, goto,9
627.0,Elev,3,  arrived at src, 0, Elevator call,617.9628339,0,3,2,3
627.0,Elev,3,  arrived at src, 0, Elevator call,626.2116172,0,1,2,3
627.0, elevID,3,  pos,0,  cmd, goto,1
636.0,Elev,3,  arrived at dest, 1, this call is done!, Elevator call,626.2116172,0,1,3,3, Done, dt, 9.788382800000022
636.0, elevID,3,  pos,1,  cmd, goto,3
638.0,Elev,1,  arrived at src, 9, Elevator call,619.6454197,9,0,2,1
638.0, elevID,1,  pos,9,  cmd, goto,0
644.0,Elevator call,643.8547515,-1,2,1,3, got allocated to elevator, 3
645.0,Elev,3,  arrived at dest, 3, this call is done!, Elevator call,617.9628339,0,3,3,3, Done, dt, 27.037166100000036
645.0, elevID,3,  pos,3,  cmd, goto,-1
653.0,Elev,1,  arrived at dest, 0, this call is done!, Elevator call,596.1232023,8,0,3,1, Done, dt, 56.8767977
653.0,Elev,1,  arrived at dest, 0, this call is done!, Elevator call,603.9342327,7,0,3,1, Done, dt, 49.06576729999995
653.0,Elev,1,  arrived at dest, 0, this call is done!, Elevator call,619.6454197,9,0,3,1, Done, dt, 33.35458029999995
654.0,Elev,3,  arrived at src, -1, Elevator call,643.8547515,-1,2,2,3
654.0, elevID,3,  pos,-1,  cmd, goto,2
661.0,Elevator call,660.0732908,6,10,1,4, got allocated to elevator, 4
661.0, elevID,4,  pos,4,  cmd, goto,6
662.0,Elevator call,661.042082,-1,3,1,3, got allocated to elevator, 3
663.0,Elevator call,662.1730528,-1,5,1,3, got allocated to elevator, 3
663.0,Elev,3,  arrived at dest, 2, this call is done!, Elevator call,643.8547515,-1,2,3,3, Done, dt, 19.14524849999998
663.0, elevID,3,  pos,2,  cmd, goto,-1
666.0,Elevator call,665.1155549,-1,8,1,3, got allocated to elevator, 3
667.0,Elevator call,666.0340295,4,0,1,1, got allocated to elevator, 1
667.0,Elevator call,666.2411587,5,-1,1,1, got allocated to elevator, 1
667.0, elevID,1,  pos,0,  cmd, goto,4
672.0,Elev,3,  arrived at src, -1, Elevator call,661.042082,-1,3,2,3
672.0,Elev,3,  arrived at src, -1, Elevator call,662.1730528,-1,5,2,3
672.0,Elev,3,  arrived at src, -1, Elevator call,665.1155549,-1,8,2,3
672.0, elevID,3,  pos,-1,  cmd, goto,3
672.0,Elev,4,  arrived at src, 6, Elevator call,660.0732908,6,10,2,4
672.0, elevID,4,  pos,6,  cmd, goto,10
673.0,Elevator call,672.6773142,0,-1,1,2, got allocated to elevator, 2
673.0, elevID,2,  pos,-1,  cmd, goto,0
678.0,Elevator call,677.7341948,0,-1,1,2, got allocated to elevator, 2
679.0,Elevator call,678.9953585,-1,-2,1,2, got allocated to elevator, 2
679.0,Elev,1,  arrived at src, 4, Elevator call,666.0340295,4,0,2,1
679.0, elevID,1,  pos,4,  cmd, goto,5
680.0,Elev,2,  arrived at src, 0, Elevator call,672.6773142,0,-1,2,2
680.0,Elev,2,  arrived at src, 0, Elevator call,677.7341948,0,-1,2,2
680.0, elevID,2,  pos,0,  cmd, goto,-1
681.0,Elev,3,  arrived at dest, 3, this call is done!, Elevator call,661.042082,-1,3,3,3, Done, dt, 19.95791799999995
681.0, elevID,3,  pos,3,  cmd, goto,5
684.0,Elev,4,  arrived at dest, 10, this call is done!, Elevator call,660.0732908,6,10,3,4, Done, dt, 23.926709200000005
687.0,Elev,2,  arrived at dest, -1, this call is done!, Elevator call,672.6773142,0,-1,3,2, Done, dt, 14.322685800000045
687.0,Elev,2,  arrived at dest, -1, this call is done!, Elevator call,677.7341948,0,-1,3,2, Done, dt, 9.265805200000045
687.0,Elev,2,  arrived at src, -1, Elevator call,678.9953585,-1,-2,2,2
687.0, elevID,2,  pos,-1,  cmd, goto,-2
690.0,Elev,1,  arrived at src, 5, Elevator call,666.2411587,5,-1,2,1
690.0, elevID,1,  pos,5,  cmd, goto,0
690.0,Elev,3,  arrived at dest, 5, this call is done!, Elevator call,662.1730528,-1,5,3,3, Done, dt, 27.82694719999995
690.0, elevID,3,  pos,5,  cmd, goto,8
694.0,Elev,2,  arrived at dest, -2, this call is done!, Elevator call,678.9953585,-1,-2,3,2, Done, dt, 15.004641500000048
696.0,Elevator call,695.2239882,0,10,1,3, got allocated to elevator, 3
699.0,Elev,3,  arrived at dest, 8, this call is done!, Elevator call,665.1155549,-1,8,3,3, Done, dt, 33.88444509999999
699.0, elevID,3,  pos,8,  cmd, goto,0
703.0,Elev,1,  arrived at dest, 0, this call is done!, Elevator call,666.0340295,4,0,3,1, Done, dt, 36.965970500000026
703.0, elevID,1,  pos,0,  cmd, goto,-1
707.0,Elevator call,706.1583475,-1,-2,1,2, got allocated to elevator, 2
707.0, elevID,2,  pos,-2,  cmd, goto,-1
709.0,Elev,3,  arrived at src, 0, Elevator call,695.2239882,0,10,2,3
709.0, elevID,3,  pos,0,  cmd, goto,10
711.0,Elevator call,710.324977,0,1,1,3, got allocated to elevator, 3
711.0, elevID,3,  pos,0,  cmd, stop,0
714.0,Elevator call,713.0191971,1,0,1,0, got allocated to elevator, 0
714.0,Elevator call,713.2499766,10,-1,1,2, got allocated to elevator, 2
714.0, elevID,0,  pos,0,  cmd, goto,1
714.0,Elev,1,  arrived at dest, -1, this call is done!, Elevator call,666.2411587,5,-1,3,1, Done, dt, 47.75884129999997
714.0,Elev,2,  arrived at src, -1, Elevator call,706.1583475,-1,-2,2,2
714.0, elevID,2,  pos,-1,  cmd, goto,10
718.0,Elev,3,  arrived at src, 0, Elevator call,710.324977,0,1,2,3
718.0, elevID,3,  pos,0,  cmd, goto,1
722.0,Elev,2,  arrived at src, 10, Elevator call,713.2499766,10,-1,2,2
722.0, elevID,2,  pos,10,  cmd, goto,-1
723.0,Elevator call,722.6161213,10,0,1,2, got allocated to elevator, 2
, elevID,2,  pos,10,  cmd, stop,10
725.0,Elev,0,  arrived at src, 1, Elevator call,713.0191971,1,0,2,0
725.0, elevID,0,  pos,1,  cmd, goto,0
727.0,Elev,3,  arrived at dest, 1, this call is done!, Elevator call,710.324977,0,1,3,3, Done, dt, 16.67502300000001
727.0, elevID,3,  pos,1,  cmd, goto,10
728.0,Elevator call,727.5146029,-1,0,1,3, got allocated to elevator, 3
729.0,Elev,2,  arrived at src, 10, Elevator call,722.6161213,10,0,2,2
729.0, elevID,2,  pos,10,  cmd, goto,0
733.0,Elevator call,732.9746341,6,-1,1,1, got allocated to elevator, 1
733.0, elevID,1,  pos,-1,  cmd, goto,6
736.0,Elev,0,  arrived at dest, 0, this call is done!, Elevator call,713.0191971,1,0,3,0, Done, dt, 22.980802899999958
737.0,Elev,2,  arrived at dest, 0, this call is done!, Elevator call,722.6161213,10,0,3,2, Done, dt, 14.383878699999968
737.0, elevID,2,  pos,0,  cmd, goto,-1
737.0,Elev,3,  arrived at dest, 10, this call is done!, Elevator call,695.2239882,0,10,3,3, Done, dt, 41.77601179999999
737.0, elevID,3,  pos,10,  cmd, goto,-1
738.0,Elevator call,737.3147202,1,0,1,0, got allocated to elevator, 0
738.0, elevID,0,  pos,0,  cmd, goto,1
744.0,Elev,2,  arrived at dest, -1, this call is done!, Elevator call,713.2499766,10,-1,3,2, Done, dt, 30.750023400000032
744.0, elevID,2,  pos,-1,  cmd, goto,-2
747.0,Elev,1,  arrived at src, 6, Elevator call,732.9746341,6,-1,2,1
747.0, elevID,1,  pos,6,  cmd, goto,-1
748.0,Elev,3,  arrived at src, -1, Elevator call,727.5146029,-1,0,2,3
748.0, elevID,3,  pos,-1,  cmd, goto,0
749.0,Elev,0,  arrived at src, 1, Elevator call,737.3147202,1,0,2,0
749.0, elevID,0,  pos,1,  cmd, goto,0
751.0,Elev,2,  arrived at dest, -2, this call is done!, Elevator call,706.1583475,-1,-2,3,2, Done, dt, 44.84165250000001
757.0,Elev,3,  arrived at dest, 0, this call is done!, Elevator call,727.5146029,-1,0,3,3, Done, dt, 29.4853971
760.0,Elev,0,  arrived at dest, 0, this call is done!, Elevator call,737.3147202,1,0,3,0, Done, dt, 22.68527979999999
761.0,Elev,1,  arrived at dest, -1, this call is done!, Elevator call,732.9746341,6,-1,3,1, Done, dt, 28.025365899999997
780.0,Elevator call,779.3996914,-1,5,1,3, got allocated to elevator, 3
780.0, elevID,3,  pos,0,  cmd, goto,-1
789.0,Elev,3,  arrived at src, -1, Elevator call,779.3996914,-1,5,2,3
789.0, elevID,3,  pos,-1,  cmd, goto,5
799.0,Elev,3,  arrived at dest, 5, this call is done!, Elevator call,779.3996914,-1,5,3,3, Done, dt, 19.60030859999995
806.0,Elevator call,805.6754743,-1,-2,1,2, got allocated to elevator, 2
806.0, elevID,2,  pos,-2,  cmd, goto,-1
811.0,Elevator call,810.4469089,2,0,1,1, got allocated to elevator, 1
811.0, elevID,1,  pos,-1,  cmd, goto,2
813.0,Elev,2,  arrived at src, -1, Elevator call,805.6754743,-1,-2,2,2
813.0, elevID,2,  pos,-1,  cmd, goto,-2
817.0,Elevator call,816.1516998,7,-1,1,1, got allocated to elevator, 1
820.0,Elev,2,  arrived at dest, -2, this call is done!, Elevator call,805.6754743,-1,-2,3,2, Done, dt, 14.324525699999981
823.0,Elev,1,  arrived at src, 2, Elevator call,810.4469089,2,0,2,1
823.0, elevID,1,  pos,2,  cmd, goto,7
826.0,Elevator call,825.4575185,7,0,1,1, got allocated to elevator, 1
836.0,Elev,1,  arrived at src, 7, Elevator call,816.1516998,7,-1,2,1
836.0,Elev,1,  arrived at src, 7, Elevator call,825.4575185,7,0,2,1
836.0, elevID,1,  pos,7,  cmd, goto,0
840.0,Elevator call,839.8525653,0,1,1,3, got allocated to elevator, 3
840.0, elevID,3,  pos,5,  cmd, goto,0
850.0,Elev,1,  arrived at dest, 0, this call is done!, Elevator call,810.4469089,2,0,3,1, Done, dt, 39.55309109999996
850.0,Elev,1,  arrived at dest, 0, this call is done!, Elevator call,825.4575185,7,0,3,1, Done, dt, 24.542481500000008
850.0, elevID,1,  pos,0,  cmd, goto,-1
850.0,Elev,3,  arrived at src, 0, Elevator call,839.8525653,0,1,2,3
850.0, elevID,3,  pos,0,  cmd, goto,1
855.0,Elevator call,854.2002278,6,-1,1,1, got allocated to elevator, 1
859.0,Elev,3,  arrived at dest, 1, this call is done!, Elevator call,839.8525653,0,1,3,3, Done, dt, 19.147434699999963
861.0,Elev,1,  arrived at dest, -1, this call is done!, Elevator call,816.1516998,7,-1,3,1, Done, dt, 44.84830020000004
861.0, elevID,1,  pos,-1,  cmd, goto,6
864.0,Elevator call,863.8932913,0,-1,1,2, got allocated to elevator, 2
864.0, elevID,2,  pos,-2,  cmd, goto,0
871.0,Elevator call,870.5053024,0,7,1,3, got allocated to elevator, 3
871.0,Elev,2,  arrived at src, 0, Elevator call,863.8932913,0,-1,2,2
871.0, elevID,2,  pos,0,  cmd, goto,-1
871.0, elevID,3,  pos,1,  cmd, goto,0
875.0,Elev,1,  arrived at src, 6, Elevator call,854.2002278,6,-1,2,1
875.0, elevID,1,  pos,6,  cmd, goto,-1
878.0,Elev,2,  arrived at dest, -1, this call is done!, Elevator call,863.8932913,0,-1,3,2, Done, dt, 14.106708700000013
880.0,Elev,3,  arrived at src, 0, Elevator call,870.5053024,0,7,2,3
880.0, elevID,3,  pos,0,  cmd, goto,7
887.0,Elevator call,886.5649993,-1,-2,1,2, got allocated to elevator, 2
887.0,Elev,2,  arrived at src, -1, Elevator call,886.5649993,-1,-2,2,2
887.0, elevID,2,  pos,-1,  cmd, goto,-2
889.0,Elev,1,  arrived at dest, -1, this call is done!, Elevator call,854.2002278,6,-1,3,1, Done, dt, 34.79977220000001
890.0,Elev,3,  arrived at dest, 7, this call is done!, Elevator call,870.5053024,0,7,3,3, Done, dt, 19.494697599999995
893.0,Elevator call,892.5212151,9,-1,1,1, got allocated to elevator, 1
893.0, elevID,1,  pos,-1,  cmd, goto,9
894.0,Elev,2,  arrived at dest, -2, this call is done!, Elevator call,886.5649993,-1,-2,3,2, Done, dt, 7.435000700000046
908.0,Elev,1,  arrived at src, 9, Elevator call,892.5212151,9,-1,2,1
908.0, elevID,1,  pos,9,  cmd, goto,-1
911.0,Elevator call,910.5388559,6,5,1,1, got allocated to elevator, 1
, elevID,1,  pos,9,  cmd, stop,6
916.0,Elevator call,915.9490575,4,-1,1,1, got allocated to elevator, 1
920.0,Elev,1,  arrived at src, 6, Elevator call,910.5388559,6,5,2,1
920.0, elevID,1,  pos,6,  cmd, goto,5
931.0,Elev,1,  arrived at dest, 5, this call is done!, Elevator call,910.5388559,6,5,3,1, Done, dt, 20.461144099999956
931.0, elevID,1,  pos,5,  cmd, goto,4
934.0,Elevator call,933.8580452,7,5,1,1, got allocated to elevator, 1
942.0,Elev,1,  arrived at src, 4, Elevator call,915.9490575,4,-1,2,1
942.0, elevID,1,  pos,4,  cmd, goto,-1
955.0,Elev,1,  arrived at dest, -1, this call is done!, Elevator call,892.5212151,9,-1,3,1, Done, dt, 62.47878490000005
955.0,Elev,1,  arrived at dest, -1, this call is done!, Elevator call,915.9490575,4,-1,3,1, Done, dt, 39.05094250000002
955.0, elevID,1,  pos,-1,  cmd, goto,7
962.0,Elevator call,961.6862856,6,-1,1,1, got allocated to elevator, 1
962.0, elevID,1,  pos,3,  cmd, stop,6
969.0,Elev,1,  arrived at src, 6, Elevator call,961.6862856,6,-1,2,1
969.0, elevID,1,  pos,6,  cmd, goto,7
973.0,Elevator call,972.8032126,1,0,1,0, got allocated to elevator, 0
973.0, elevID,0,  pos,0,  cmd, goto,1
976.0,Elevator call,975.8361203,0,-1,1,2, got allocated to elevator, 2
976.0, elevID,2,  pos,-2,  cmd, goto,0
979.0,Elevator call,978.5925149,10,0,1,2, got allocated to elevator, 2
979.0,Elevator call,978.6210501,10,-1,1,2, got allocated to elevator, 2
980.0,Elev,1,  arrived at src, 7, Elevator call,933.8580452,7,5,2,1
980.0, elevID,1,  pos,7,  cmd, goto,5
983.0,Elev,2,  arrived at src, 0, Elevator call,975.8361203,0,-1,2,2
983.0, elevID,2,  pos,0,  cmd, goto,10
984.0,Elev,0,  arrived at src, 1, Elevator call,972.8032126,1,0,2,0
984.0, elevID,0,  pos,1,  cmd, goto,0
985.0,Elevator call,984.1840186,7,0,1,1, got allocated to elevator, 1
, elevID,1,  pos,7,  cmd, stop,7
990.0,Elev,1,  arrived at src, 7, Elevator call,984.1840186,7,0,2,1
990.0, elevID,1,  pos,7,  cmd, goto,5
991.0,Elev,2,  arrived at src, 10, Elevator call,978.5925149,10,0,2,2
991.0,Elev,2,  arrived at src, 10, Elevator call,978.6210501,10,-1,2,2
991.0, elevID,2,  pos,10,  cmd, goto,0
995.0,Elev,0,  arrived at dest, 0, this call is done!, Elevator call,972.8032126,1,0,3,0, Done, dt, 22.19678739999995
999.0,Elev,2,  arrived at dest, 0, this call is done!, Elevator call,978.5925149,10,0,3,2, Done, dt, 20.40748510000003
999.0, elevID,2,  pos,0,  cmd, goto,-1
1001.0,Elev,1,  arrived at dest, 5, this call is done!, Elevator call,933.8580452,7,5,3,1, Done, dt, 67.14195480000001
1001.0, elevID,1,  pos,5,  cmd, goto,0
1006.0,Elev,2,  arrived at dest, -1, this call is done!, Elevator call,975.8361203,0,-1,3,2, Done, dt, 30.163879700000052
1006.0,Elev,2,  arrived at dest, -1, this call is done!, Elevator call,978.6210501,10,-1,3,2, Done, dt, 27.378949899999952
1014.0,Elev,1,  arrived at dest, 0, this call is done!, Elevator call,984.1840186,7,0,3,1, Done, dt, 29.815981400000055
1014.0, elevID,1,  pos,0,  cmd, goto,-1
1025.0,Elev,1,  arrived at dest, -1, this call is done!, Elevator call,961.6862856,6,-1,3,1, Done, dt, 63.31371439999998
1026.0,************* Simulation Ended ************
Code Owners,206398984,  Building_file,B4.json,  Calls,B4.call_a.csv
Total waiting time: 2750.0,  average waiting time per call: 27.5,  unCompleted calls,0,  certificate, -49154587
