Ex1 (OOP) Simulator log: stage B5.json,  B5.call_a.csv
0.0,OOP_Ex1_Elevator_Simulator
0.0,Simulated Building, Building [-10,100]
0) ex1.Elevator_A, Elev_, id,0,  speed, 9.0, open: 1.1111111111111112,  start: 1.6666666666666667, close: 1.1111111111111112,  stop: 1.6666666666666667
1) ex1.Elevator_A, Elev_, id,1,  speed, 7.0, open: 1.4285714285714286,  start: 2.142857142857143, close: 1.4285714285714286,  stop: 2.142857142857143
2) ex1.Elevator_A, Elev_, id,2,  speed, 5.0, open: 2.0,  start: 3.0, close: 2.0,  stop: 3.0
3) ex1.Elevator_A, Elev_, id,3,  speed, 5.0, open: 2.0,  start: 3.0, close: 2.0,  stop: 3.0
4) ex1.Elevator_A, Elev_, id,4,  speed, 3.0, open: 2.0,  start: 3.0, close: 2.0,  stop: 3.0
5) ex1.Elevator_A, Elev_, id,5,  speed, 3.0, open: 2.0,  start: 3.0, close: 2.0,  stop: 3.0
6) ex1.Elevator_A, Elev_, id,6,  speed, 1.5, open: 2.0,  start: 3.0, close: 2.0,  stop: 3.0
7) ex1.Elevator_A, Elev_, id,7,  speed, 9.0, open: 1.1111111111111112,  start: 1.6666666666666667, close: 1.1111111111111112,  stop: 1.6666666666666667
8) ex1.Elevator_A, Elev_, id,8,  speed, 9.0, open: 1.1111111111111112,  start: 1.6666666666666667, close: 1.1111111111111112,  stop: 1.6666666666666667
9) ex1.Elevator_A, Elev_, id,9,  speed, 2.0, open: 2.0,  start: 3.0, close: 2.0,  stop: 3.0

0.0,Simulated Period starTime,0.0,  endTime,1104.1840186,  dt,1.0
0.0,Simulated  calls,Elevator log, size: 100
0.0,**** Simulation starts!! ****
5.0,Elevator call,4.37472729,0,-1,1,8, got allocated to elevator, 8
5.0,Elev,8,  arrived at src, 0, Elevator call,4.37472729,0,-1,2,8
5.0, elevID,8,  pos,0,  cmd, goto,-1
11.0,Elev,8,  arrived at dest, -1, this call is done!, Elevator call,4.37472729,0,-1,3,8, Done, dt, 6.62527271
17.0,Elevator call,16.95788289,-1,0,1,6, got allocated to elevator, 6
17.0, elevID,6,  pos,0,  cmd, goto,-1
23.0,Elevator call,22.0940563,0,-1,1,8, got allocated to elevator, 8
23.0, elevID,8,  pos,-1,  cmd, goto,0
28.0,Elev,6,  arrived at src, -1, Elevator call,16.95788289,-1,0,2,6
28.0, elevID,6,  pos,-1,  cmd, goto,0
29.0,Elev,8,  arrived at src, 0, Elevator call,22.0940563,0,-1,2,8
29.0, elevID,8,  pos,0,  cmd, goto,-1
35.0,Elev,8,  arrived at dest, -1, this call is done!, Elevator call,22.0940563,0,-1,3,8, Done, dt, 12.905943700000002
39.0,Elev,6,  arrived at dest, 0, this call is done!, Elevator call,16.95788289,-1,0,3,6, Done, dt, 22.04211711
86.0,Elevator call,85.52096662,3,2,1,4, got allocated to elevator, 4
86.0, elevID,4,  pos,0,  cmd, goto,3
92.0,Elevator call,91.21019413,-1,-2,1,0, got allocated to elevator, 0
92.0, elevID,0,  pos,0,  cmd, goto,-1
97.0,Elev,4,  arrived at src, 3, Elevator call,85.52096662,3,2,2,4
97.0, elevID,4,  pos,3,  cmd, goto,2
98.0,Elev,0,  arrived at src, -1, Elevator call,91.21019413,-1,-2,2,0
98.0, elevID,0,  pos,-1,  cmd, goto,-2
104.0,Elev,0,  arrived at dest, -2, this call is done!, Elevator call,91.21019413,-1,-2,3,0, Done, dt, 12.789805869999995
105.0,Elevator call,104.1370124,0,4,1,7, got allocated to elevator, 7
105.0,Elev,7,  arrived at src, 0, Elevator call,104.1370124,0,4,2,7
105.0, elevID,7,  pos,0,  cmd, goto,4
108.0,Elev,4,  arrived at dest, 2, this call is done!, Elevator call,85.52096662,3,2,3,4, Done, dt, 22.479033380000004
110.0,Elevator call,109.2135291,-1,0,1,6, got allocated to elevator, 6
110.0, elevID,6,  pos,0,  cmd, goto,-1
111.0,Elev,7,  arrived at dest, 4, this call is done!, Elevator call,104.1370124,0,4,3,7, Done, dt, 6.862987599999997
115.0,Elevator call,114.392351,3,0,1,4, got allocated to elevator, 4
115.0, elevID,4,  pos,2,  cmd, goto,3
121.0,Elev,6,  arrived at src, -1, Elevator call,109.2135291,-1,0,2,6
121.0, elevID,6,  pos,-1,  cmd, goto,0
125.0,Elevator call,124.425571,0,9,1,7, got allocated to elevator, 7
125.0, elevID,7,  pos,4,  cmd, goto,0
126.0,Elev,4,  arrived at src, 3, Elevator call,114.392351,3,0,2,4
126.0, elevID,4,  pos,3,  cmd, goto,0
131.0,Elevator call,130.0249568,8,10,1,1, got allocated to elevator, 1
131.0,Elevator call,130.2249113,-1,1,1,6, got allocated to elevator, 6
131.0, elevID,1,  pos,0,  cmd, goto,8
131.0,Elev,7,  arrived at src, 0, Elevator call,124.425571,0,9,2,7
131.0, elevID,7,  pos,0,  cmd, goto,9
132.0,Elev,6,  arrived at dest, 0, this call is done!, Elevator call,109.2135291,-1,0,3,6, Done, dt, 22.786470899999998
132.0, elevID,6,  pos,0,  cmd, goto,-1
137.0,Elev,4,  arrived at dest, 0, this call is done!, Elevator call,114.392351,3,0,3,4, Done, dt, 22.607648999999995
138.0,Elevator call,137.9515274,0,4,1,7, got allocated to elevator, 7
138.0,Elev,7,  arrived at dest, 9, this call is done!, Elevator call,124.425571,0,9,3,7, Done, dt, 13.574428999999995
138.0, elevID,7,  pos,9,  cmd, goto,0
140.0,Elev,1,  arrived at src, 8, Elevator call,130.0249568,8,10,2,1
140.0, elevID,1,  pos,8,  cmd, goto,10
143.0,Elev,6,  arrived at src, -1, Elevator call,130.2249113,-1,1,2,6
143.0, elevID,6,  pos,-1,  cmd, goto,1
144.0,Elevator call,143.9133584,0,6,1,7, got allocated to elevator, 7
145.0,Elev,7,  arrived at src, 0, Elevator call,137.9515274,0,4,2,7
145.0,Elev,7,  arrived at src, 0, Elevator call,143.9133584,0,6,2,7
145.0, elevID,7,  pos,0,  cmd, goto,4
148.0,Elev,1,  arrived at dest, 10, this call is done!, Elevator call,130.0249568,8,10,3,1, Done, dt, 17.975043199999988
151.0,Elev,7,  arrived at dest, 4, this call is done!, Elevator call,137.9515274,0,4,3,7, Done, dt, 13.048472599999997
151.0, elevID,7,  pos,4,  cmd, goto,6
155.0,Elev,6,  arrived at dest, 1, this call is done!, Elevator call,130.2249113,-1,1,3,6, Done, dt, 24.775088699999998
157.0,Elev,7,  arrived at dest, 6, this call is done!, Elevator call,143.9133584,0,6,3,7, Done, dt, 13.086641600000007
170.0,Elevator call,169.7845834,-1,0,1,6, got allocated to elevator, 6
170.0, elevID,6,  pos,1,  cmd, goto,-1
171.0,Elevator call,170.0099621,0,6,1,7, got allocated to elevator, 7
171.0, elevID,7,  pos,6,  cmd, goto,0
172.0,Elevator call,171.2117332,-1,8,1,6, got allocated to elevator, 6
175.0,Elevator call,174.8438515,0,-1,1,8, got allocated to elevator, 8
175.0, elevID,8,  pos,-1,  cmd, goto,0
178.0,Elev,7,  arrived at src, 0, Elevator call,170.0099621,0,6,2,7
178.0, elevID,7,  pos,0,  cmd, goto,6
181.0,Elev,8,  arrived at src, 0, Elevator call,174.8438515,0,-1,2,8
181.0, elevID,8,  pos,0,  cmd, goto,-1
182.0,Elev,6,  arrived at src, -1, Elevator call,169.7845834,-1,0,2,6
182.0,Elev,6,  arrived at src, -1, Elevator call,171.2117332,-1,8,2,6
182.0, elevID,6,  pos,-1,  cmd, goto,0
185.0,Elev,7,  arrived at dest, 6, this call is done!, Elevator call,170.0099621,0,6,3,7, Done, dt, 14.990037900000004
187.0,Elev,8,  arrived at dest, -1, this call is done!, Elevator call,174.8438515,0,-1,3,8, Done, dt, 12.1561485
188.0,Elevator call,187.1167862,-1,-2,1,0, got allocated to elevator, 0
188.0,Elevator call,187.7299318,-1,-2,1,0, got allocated to elevator, 0
188.0, elevID,0,  pos,-2,  cmd, goto,-1
193.0,Elev,6,  arrived at dest, 0, this call is done!, Elevator call,169.7845834,-1,0,3,6, Done, dt, 23.215416599999998
193.0, elevID,6,  pos,0,  cmd, goto,8
194.0,Elev,0,  arrived at src, -1, Elevator call,187.1167862,-1,-2,2,0
194.0,Elev,0,  arrived at src, -1, Elevator call,187.7299318,-1,-2,2,0
194.0, elevID,0,  pos,-1,  cmd, goto,-2
196.0,Elevator call,195.9086965,0,7,1,7, got allocated to elevator, 7
196.0, elevID,7,  pos,6,  cmd, goto,0
198.0,Elevator call,197.5359191,-1,1,1,6, got allocated to elevator, 6
200.0,Elev,0,  arrived at dest, -2, this call is done!, Elevator call,187.1167862,-1,-2,3,0, Done, dt, 12.883213799999993
200.0,Elev,0,  arrived at dest, -2, this call is done!, Elevator call,187.7299318,-1,-2,3,0, Done, dt, 12.270068199999997
203.0,Elev,7,  arrived at src, 0, Elevator call,195.9086965,0,7,2,7
203.0, elevID,7,  pos,0,  cmd, goto,7
206.0,Elevator call,205.9895199,-1,0,1,6, got allocated to elevator, 6
209.0,Elev,6,  arrived at dest, 8, this call is done!, Elevator call,171.2117332,-1,8,3,6, Done, dt, 37.7882668
209.0, elevID,6,  pos,8,  cmd, goto,-1
210.0,Elev,7,  arrived at dest, 7, this call is done!, Elevator call,195.9086965,0,7,3,7, Done, dt, 14.09130350000001
225.0,Elev,6,  arrived at src, -1, Elevator call,197.5359191,-1,1,2,6
225.0,Elev,6,  arrived at src, -1, Elevator call,205.9895199,-1,0,2,6
225.0, elevID,6,  pos,-1,  cmd, goto,0
228.0,Elevator call,227.0798305,-1,5,1,6, got allocated to elevator, 6
228.0, elevID,6,  pos,-1,  cmd, stop,-1
232.0,Elevator call,231.5157882,-1,0,1,6, got allocated to elevator, 6
233.0,Elevator call,232.9504362,0,-1,1,8, got allocated to elevator, 8
233.0, elevID,8,  pos,-1,  cmd, goto,0
235.0,Elev,6,  arrived at src, -1, Elevator call,227.0798305,-1,5,2,6
235.0,Elev,6,  arrived at src, -1, Elevator call,231.5157882,-1,0,2,6
235.0, elevID,6,  pos,-1,  cmd, goto,0
239.0,Elev,8,  arrived at src, 0, Elevator call,232.9504362,0,-1,2,8
239.0, elevID,8,  pos,0,  cmd, goto,-1
245.0,Elev,8,  arrived at dest, -1, this call is done!, Elevator call,232.9504362,0,-1,3,8, Done, dt, 12.049563799999987
246.0,Elev,6,  arrived at dest, 0, this call is done!, Elevator call,205.9895199,-1,0,3,6, Done, dt, 40.010480099999995
246.0,Elev,6,  arrived at dest, 0, this call is done!, Elevator call,231.5157882,-1,0,3,6, Done, dt, 14.484211799999997
246.0, elevID,6,  pos,0,  cmd, goto,1
252.0,Elevator call,251.1044469,-1,-2,1,0, got allocated to elevator, 0
252.0,Elevator call,251.2359335,0,9,1,7, got allocated to elevator, 7
252.0, elevID,0,  pos,-2,  cmd, goto,-1
252.0, elevID,7,  pos,7,  cmd, goto,0
255.0,Elevator call,254.6977153,3,4,1,1, got allocated to elevator, 1
255.0, elevID,1,  pos,10,  cmd, goto,3
257.0,Elev,6,  arrived at dest, 1, this call is done!, Elevator call,197.5359191,-1,1,3,6, Done, dt, 59.4640809
257.0, elevID,6,  pos,1,  cmd, goto,5
258.0,Elevator call,257.7974435,-1,0,1,6, got allocated to elevator, 6
258.0,Elev,0,  arrived at src, -1, Elevator call,251.1044469,-1,-2,2,0
258.0, elevID,0,  pos,-1,  cmd, goto,-2
259.0,Elev,7,  arrived at src, 0, Elevator call,251.2359335,0,9,2,7
259.0, elevID,7,  pos,0,  cmd, goto,9
264.0,Elev,0,  arrived at dest, -2, this call is done!, Elevator call,251.1044469,-1,-2,3,0, Done, dt, 12.8955531
264.0,Elev,1,  arrived at src, 3, Elevator call,254.6977153,3,4,2,1
264.0, elevID,1,  pos,3,  cmd, goto,4
266.0,Elev,7,  arrived at dest, 9, this call is done!, Elevator call,251.2359335,0,9,3,7, Done, dt, 14.764066500000013
270.0,Elev,6,  arrived at dest, 5, this call is done!, Elevator call,227.0798305,-1,5,3,6, Done, dt, 42.920169499999986
270.0, elevID,6,  pos,5,  cmd, goto,-1
272.0,Elev,1,  arrived at dest, 4, this call is done!, Elevator call,254.6977153,3,4,3,1, Done, dt, 17.3022847
284.0,Elev,6,  arrived at src, -1, Elevator call,257.7974435,-1,0,2,6
284.0, elevID,6,  pos,-1,  cmd, goto,0
295.0,Elev,6,  arrived at dest, 0, this call is done!, Elevator call,257.7974435,-1,0,3,6, Done, dt, 37.202556500000014
296.0,Elevator call,295.7943357,0,1,1,7, got allocated to elevator, 7
296.0, elevID,7,  pos,9,  cmd, goto,0
303.0,Elev,7,  arrived at src, 0, Elevator call,295.7943357,0,1,2,7
303.0, elevID,7,  pos,0,  cmd, goto,1
305.0,Elevator call,304.9984388,6,0,1,2, got allocated to elevator, 2
305.0, elevID,2,  pos,0,  cmd, goto,6
309.0,Elev,7,  arrived at dest, 1, this call is done!, Elevator call,295.7943357,0,1,3,7, Done, dt, 13.205664300000024
310.0,Elevator call,309.3005383,0,-1,1,8, got allocated to elevator, 8
310.0, elevID,8,  pos,-1,  cmd, goto,0
313.0,Elevator call,312.3018556,0,-1,1,8, got allocated to elevator, 8
316.0,Elev,8,  arrived at src, 0, Elevator call,309.3005383,0,-1,2,8
316.0,Elev,8,  arrived at src, 0, Elevator call,312.3018556,0,-1,2,8
316.0, elevID,8,  pos,0,  cmd, goto,-1
317.0,Elevator call,316.0323783,0,-1,1,8, got allocated to elevator, 8
317.0,Elev,2,  arrived at src, 6, Elevator call,304.9984388,6,0,2,2
317.0, elevID,2,  pos,6,  cmd, goto,0
, elevID,8,  pos,0,  cmd, stop,0
320.0,Elevator call,319.905202,6,5,1,2, got allocated to elevator, 2
, elevID,2,  pos,6,  cmd, stop,6
321.0,Elevator call,320.9760749,-1,0,1,6, got allocated to elevator, 6
321.0, elevID,6,  pos,0,  cmd, goto,-1
322.0,Elevator call,321.370409,7,-1,1,2, got allocated to elevator, 2
322.0,Elev,8,  arrived at src, 0, Elevator call,316.0323783,0,-1,2,8
322.0, elevID,8,  pos,0,  cmd, goto,-1
327.0,Elev,2,  arrived at src, 6, Elevator call,319.905202,6,5,2,2
327.0, elevID,2,  pos,6,  cmd, goto,5
328.0,Elev,8,  arrived at dest, -1, this call is done!, Elevator call,309.3005383,0,-1,3,8, Done, dt, 18.699461699999972
328.0,Elev,8,  arrived at dest, -1, this call is done!, Elevator call,312.3018556,0,-1,3,8, Done, dt, 15.69814439999999
328.0,Elev,8,  arrived at dest, -1, this call is done!, Elevator call,316.0323783,0,-1,3,8, Done, dt, 11.967621699999995
332.0,Elev,6,  arrived at src, -1, Elevator call,320.9760749,-1,0,2,6
332.0, elevID,6,  pos,-1,  cmd, goto,0
333.0,Elevator call,332.4267319,0,10,1,7, got allocated to elevator, 7
333.0, elevID,7,  pos,1,  cmd, goto,0
337.0,Elevator call,336.9304305,-1,0,1,6, got allocated to elevator, 6
337.0, elevID,6,  pos,-1,  cmd, stop,-1
338.0,Elev,2,  arrived at dest, 5, this call is done!, Elevator call,319.905202,6,5,3,2, Done, dt, 18.094798000000026
338.0, elevID,2,  pos,5,  cmd, goto,0
339.0,Elev,7,  arrived at src, 0, Elevator call,332.4267319,0,10,2,7
339.0, elevID,7,  pos,0,  cmd, goto,10
342.0,Elev,6,  arrived at src, -1, Elevator call,336.9304305,-1,0,2,6
342.0, elevID,6,  pos,-1,  cmd, goto,0
346.0,Elev,7,  arrived at dest, 10, this call is done!, Elevator call,332.4267319,0,10,3,7, Done, dt, 13.573268100000007
349.0,Elev,2,  arrived at dest, 0, this call is done!, Elevator call,304.9984388,6,0,3,2, Done, dt, 44.001561200000026
349.0, elevID,2,  pos,0,  cmd, goto,7
353.0,Elev,6,  arrived at dest, 0, this call is done!, Elevator call,320.9760749,-1,0,3,6, Done, dt, 32.023925099999985
353.0,Elev,6,  arrived at dest, 0, this call is done!, Elevator call,336.9304305,-1,0,3,6, Done, dt, 16.0695695
361.0,Elev,2,  arrived at src, 7, Elevator call,321.370409,7,-1,2,2
361.0, elevID,2,  pos,7,  cmd, goto,-1
373.0,Elev,2,  arrived at dest, -1, this call is done!, Elevator call,321.370409,7,-1,3,2, Done, dt, 51.629591000000005
376.0,Elevator call,375.490481,1,0,1,4, got allocated to elevator, 4
376.0, elevID,4,  pos,0,  cmd, goto,1
387.0,Elev,4,  arrived at src, 1, Elevator call,375.490481,1,0,2,4
387.0, elevID,4,  pos,1,  cmd, goto,0
393.0,Elevator call,392.5160765,0,5,1,7, got allocated to elevator, 7
393.0, elevID,7,  pos,10,  cmd, goto,0
398.0,Elev,4,  arrived at dest, 0, this call is done!, Elevator call,375.490481,1,0,3,4, Done, dt, 22.50951900000001
400.0,Elev,7,  arrived at src, 0, Elevator call,392.5160765,0,5,2,7
400.0, elevID,7,  pos,0,  cmd, goto,5
406.0,Elevator call,405.1821141,-1,10,1,6, got allocated to elevator, 6
406.0, elevID,6,  pos,0,  cmd, goto,-1
407.0,Elev,7,  arrived at dest, 5, this call is done!, Elevator call,392.5160765,0,5,3,7, Done, dt, 14.483923500000003
417.0,Elev,6,  arrived at src, -1, Elevator call,405.1821141,-1,10,2,6
417.0, elevID,6,  pos,-1,  cmd, goto,10
427.0,Elevator call,426.8615805,2,0,1,4, got allocated to elevator, 4
427.0, elevID,4,  pos,0,  cmd, goto,2
435.0,Elev,6,  arrived at dest, 10, this call is done!, Elevator call,405.1821141,-1,10,3,6, Done, dt, 29.81788590000002
438.0,Elevator call,437.1711158,1,0,1,4, got allocated to elevator, 4
438.0,Elev,4,  arrived at src, 2, Elevator call,426.8615805,2,0,2,4
438.0, elevID,4,  pos,2,  cmd, goto,1
449.0,Elev,4,  arrived at src, 1, Elevator call,437.1711158,1,0,2,4
449.0, elevID,4,  pos,1,  cmd, goto,0
460.0,Elev,4,  arrived at dest, 0, this call is done!, Elevator call,426.8615805,2,0,3,4, Done, dt, 33.1384195
460.0,Elev,4,  arrived at dest, 0, this call is done!, Elevator call,437.1711158,1,0,3,4, Done, dt, 22.828884200000005
473.0,Elevator call,472.7445474,10,-1,1,0, got allocated to elevator, 0
473.0, elevID,0,  pos,-2,  cmd, goto,10
480.0,Elev,0,  arrived at src, 10, Elevator call,472.7445474,10,-1,2,0
480.0, elevID,0,  pos,10,  cmd, goto,-1
487.0,Elev,0,  arrived at dest, -1, this call is done!, Elevator call,472.7445474,10,-1,3,0, Done, dt, 14.255452600000012
501.0,Elevator call,500.3712045,8,-1,1,2, got allocated to elevator, 2
501.0, elevID,2,  pos,-1,  cmd, goto,8
504.0,Elevator call,503.1384784,1,-1,1,4, got allocated to elevator, 4
504.0, elevID,4,  pos,0,  cmd, goto,1
505.0,Elevator call,504.4317942,0,-1,1,8, got allocated to elevator, 8
505.0, elevID,8,  pos,-1,  cmd, goto,0
511.0,Elev,8,  arrived at src, 0, Elevator call,504.4317942,0,-1,2,8
511.0, elevID,8,  pos,0,  cmd, goto,-1
513.0,Elev,2,  arrived at src, 8, Elevator call,500.3712045,8,-1,2,2
513.0, elevID,2,  pos,8,  cmd, goto,-1
515.0,Elev,4,  arrived at src, 1, Elevator call,503.1384784,1,-1,2,4
515.0, elevID,4,  pos,1,  cmd, goto,-1
517.0,Elev,8,  arrived at dest, -1, this call is done!, Elevator call,504.4317942,0,-1,3,8, Done, dt, 12.568205799999987
525.0,Elev,2,  arrived at dest, -1, this call is done!, Elevator call,500.3712045,8,-1,3,2, Done, dt, 24.628795500000024
526.0,Elev,4,  arrived at dest, -1, this call is done!, Elevator call,503.1384784,1,-1,3,4, Done, dt, 22.861521600000003
530.0,Elevator call,529.6277472,3,-1,1,4, got allocated to elevator, 4
530.0, elevID,4,  pos,-1,  cmd, goto,3
538.0,Elevator call,537.7866884,-1,6,1,6, got allocated to elevator, 6
538.0, elevID,6,  pos,10,  cmd, goto,-1
542.0,Elev,4,  arrived at src, 3, Elevator call,529.6277472,3,-1,2,4
542.0, elevID,4,  pos,3,  cmd, goto,-1
545.0,Elevator call,544.7880392,6,-1,1,2, got allocated to elevator, 2
545.0, elevID,2,  pos,-1,  cmd, goto,6
554.0,Elev,4,  arrived at dest, -1, this call is done!, Elevator call,529.6277472,3,-1,3,4, Done, dt, 24.372252799999956
555.0,Elevator call,554.0892923,4,0,1,4, got allocated to elevator, 4
555.0, elevID,4,  pos,-1,  cmd, goto,4
556.0,Elev,6,  arrived at src, -1, Elevator call,537.7866884,-1,6,2,6
556.0, elevID,6,  pos,-1,  cmd, goto,6
557.0,Elev,2,  arrived at src, 6, Elevator call,544.7880392,6,-1,2,2
557.0, elevID,2,  pos,6,  cmd, goto,-1
558.0,Elevator call,557.244139,10,0,1,0, got allocated to elevator, 0
558.0, elevID,0,  pos,-1,  cmd, goto,10
565.0,Elev,0,  arrived at src, 10, Elevator call,557.244139,10,0,2,0
565.0, elevID,0,  pos,10,  cmd, goto,0
566.0,Elevator call,565.0195522,0,-1,1,8, got allocated to elevator, 8
566.0, elevID,8,  pos,-1,  cmd, goto,0
567.0,Elev,4,  arrived at src, 4, Elevator call,554.0892923,4,0,2,4
567.0, elevID,4,  pos,4,  cmd, goto,0
569.0,Elev,2,  arrived at dest, -1, this call is done!, Elevator call,544.7880392,6,-1,3,2, Done, dt, 24.211960800000043
571.0,Elev,6,  arrived at dest, 6, this call is done!, Elevator call,537.7866884,-1,6,3,6, Done, dt, 33.2133116
572.0,Elev,0,  arrived at dest, 0, this call is done!, Elevator call,557.244139,10,0,3,0, Done, dt, 14.755860999999982
572.0,Elev,8,  arrived at src, 0, Elevator call,565.0195522,0,-1,2,8
572.0, elevID,8,  pos,0,  cmd, goto,-1
578.0,Elev,8,  arrived at dest, -1, this call is done!, Elevator call,565.0195522,0,-1,3,8, Done, dt, 12.980447799999979
579.0,Elev,4,  arrived at dest, 0, this call is done!, Elevator call,554.0892923,4,0,3,4, Done, dt, 24.91070769999999
582.0,Elevator call,581.870309,0,3,1,7, got allocated to elevator, 7
582.0, elevID,7,  pos,5,  cmd, goto,0
589.0,Elev,7,  arrived at src, 0, Elevator call,581.870309,0,3,2,7
589.0, elevID,7,  pos,0,  cmd, goto,3
595.0,Elev,7,  arrived at dest, 3, this call is done!, Elevator call,581.870309,0,3,3,7, Done, dt, 13.12969099999998
597.0,Elevator call,596.1232023,8,0,1,2, got allocated to elevator, 2
597.0, elevID,2,  pos,-1,  cmd, goto,8
601.0,Elevator call,600.931288,1,0,1,4, got allocated to elevator, 4
601.0, elevID,4,  pos,0,  cmd, goto,1
604.0,Elevator call,603.9342327,7,0,1,2, got allocated to elevator, 2
609.0,Elev,2,  arrived at src, 8, Elevator call,596.1232023,8,0,2,2
609.0, elevID,2,  pos,8,  cmd, goto,7
612.0,Elev,4,  arrived at src, 1, Elevator call,600.931288,1,0,2,4
612.0, elevID,4,  pos,1,  cmd, goto,0
618.0,Elevator call,617.9628339,0,3,1,7, got allocated to elevator, 7
618.0, elevID,7,  pos,3,  cmd, goto,0
620.0,Elevator call,619.6454197,9,0,1,8, got allocated to elevator, 8
620.0,Elev,2,  arrived at src, 7, Elevator call,603.9342327,7,0,2,2
620.0, elevID,2,  pos,7,  cmd, goto,0
620.0, elevID,8,  pos,-1,  cmd, goto,9
623.0,Elev,4,  arrived at dest, 0, this call is done!, Elevator call,600.931288,1,0,3,4, Done, dt, 22.068712000000005
624.0,Elev,7,  arrived at src, 0, Elevator call,617.9628339,0,3,2,7
624.0, elevID,7,  pos,0,  cmd, goto,3
627.0,Elevator call,626.2116172,0,1,1,7, got allocated to elevator, 7
627.0,Elev,8,  arrived at src, 9, Elevator call,619.6454197,9,0,2,8
627.0, elevID,8,  pos,9,  cmd, goto,0
630.0,Elev,7,  arrived at dest, 3, this call is done!, Elevator call,617.9628339,0,3,3,7, Done, dt, 12.037166100000036
630.0, elevID,7,  pos,3,  cmd, goto,0
632.0,Elev,2,  arrived at dest, 0, this call is done!, Elevator call,596.1232023,8,0,3,2, Done, dt, 35.8767977
632.0,Elev,2,  arrived at dest, 0, this call is done!, Elevator call,603.9342327,7,0,3,2, Done, dt, 28.065767299999948
634.0,Elev,8,  arrived at dest, 0, this call is done!, Elevator call,619.6454197,9,0,3,8, Done, dt, 14.354580299999952
636.0,Elev,7,  arrived at src, 0, Elevator call,626.2116172,0,1,2,7
636.0, elevID,7,  pos,0,  cmd, goto,1
642.0,Elev,7,  arrived at dest, 1, this call is done!, Elevator call,626.2116172,0,1,3,7, Done, dt, 15.788382800000022
644.0,Elevator call,643.8547515,-1,2,1,6, got allocated to elevator, 6
644.0, elevID,6,  pos,6,  cmd, goto,-1
659.0,Elev,6,  arrived at src, -1, Elevator call,643.8547515,-1,2,2,6
659.0, elevID,6,  pos,-1,  cmd, goto,2
661.0,Elevator call,660.0732908,6,10,1,1, got allocated to elevator, 1
661.0, elevID,1,  pos,4,  cmd, goto,6
662.0,Elevator call,661.042082,-1,3,1,6, got allocated to elevator, 6
662.0, elevID,6,  pos,-1,  cmd, stop,-1
663.0,Elevator call,662.1730528,-1,5,1,6, got allocated to elevator, 6
666.0,Elevator call,665.1155549,-1,8,1,6, got allocated to elevator, 6
667.0,Elevator call,666.0340295,4,0,1,4, got allocated to elevator, 4
667.0,Elevator call,666.2411587,5,-1,1,2, got allocated to elevator, 2
667.0, elevID,2,  pos,0,  cmd, goto,5
667.0, elevID,4,  pos,0,  cmd, goto,4
669.0,Elev,1,  arrived at src, 6, Elevator call,660.0732908,6,10,2,1
669.0, elevID,1,  pos,6,  cmd, goto,10
669.0,Elev,6,  arrived at src, -1, Elevator call,661.042082,-1,3,2,6
669.0,Elev,6,  arrived at src, -1, Elevator call,662.1730528,-1,5,2,6
669.0,Elev,6,  arrived at src, -1, Elevator call,665.1155549,-1,8,2,6
669.0, elevID,6,  pos,-1,  cmd, goto,2
673.0,Elevator call,672.6773142,0,-1,1,8, got allocated to elevator, 8
673.0,Elev,8,  arrived at src, 0, Elevator call,672.6773142,0,-1,2,8
673.0, elevID,8,  pos,0,  cmd, goto,-1
677.0,Elev,1,  arrived at dest, 10, this call is done!, Elevator call,660.0732908,6,10,3,1, Done, dt, 16.926709200000005
678.0,Elevator call,677.7341948,0,-1,1,8, got allocated to elevator, 8
678.0,Elev,2,  arrived at src, 5, Elevator call,666.2411587,5,-1,2,2
678.0, elevID,2,  pos,5,  cmd, goto,-1
679.0,Elevator call,678.9953585,-1,-2,1,0, got allocated to elevator, 0
679.0, elevID,0,  pos,0,  cmd, goto,-1
679.0,Elev,4,  arrived at src, 4, Elevator call,666.0340295,4,0,2,4
679.0, elevID,4,  pos,4,  cmd, goto,0
679.0,Elev,8,  arrived at dest, -1, this call is done!, Elevator call,672.6773142,0,-1,3,8, Done, dt, 6.322685800000045
679.0, elevID,8,  pos,-1,  cmd, goto,0
681.0,Elev,6,  arrived at dest, 2, this call is done!, Elevator call,643.8547515,-1,2,3,6, Done, dt, 37.14524849999998
681.0, elevID,6,  pos,2,  cmd, goto,3
685.0,Elev,0,  arrived at src, -1, Elevator call,678.9953585,-1,-2,2,0
685.0, elevID,0,  pos,-1,  cmd, goto,-2
685.0,Elev,8,  arrived at src, 0, Elevator call,677.7341948,0,-1,2,8
685.0, elevID,8,  pos,0,  cmd, goto,-1
690.0,Elev,2,  arrived at dest, -1, this call is done!, Elevator call,666.2411587,5,-1,3,2, Done, dt, 23.758841299999972
691.0,Elev,0,  arrived at dest, -2, this call is done!, Elevator call,678.9953585,-1,-2,3,0, Done, dt, 12.004641500000048
691.0,Elev,4,  arrived at dest, 0, this call is done!, Elevator call,666.0340295,4,0,3,4, Done, dt, 24.965970500000026
691.0,Elev,8,  arrived at dest, -1, this call is done!, Elevator call,677.7341948,0,-1,3,8, Done, dt, 13.265805200000045
692.0,Elev,6,  arrived at dest, 3, this call is done!, Elevator call,661.042082,-1,3,3,6, Done, dt, 30.95791799999995
692.0, elevID,6,  pos,3,  cmd, goto,5
696.0,Elevator call,695.2239882,0,10,1,7, got allocated to elevator, 7
696.0, elevID,7,  pos,1,  cmd, goto,0
702.0,Elev,7,  arrived at src, 0, Elevator call,695.2239882,0,10,2,7
702.0, elevID,7,  pos,0,  cmd, goto,10
704.0,Elev,6,  arrived at dest, 5, this call is done!, Elevator call,662.1730528,-1,5,3,6, Done, dt, 41.82694719999995
704.0, elevID,6,  pos,5,  cmd, goto,8
707.0,Elevator call,706.1583475,-1,-2,1,0, got allocated to elevator, 0
707.0, elevID,0,  pos,-2,  cmd, goto,-1
709.0,Elev,7,  arrived at dest, 10, this call is done!, Elevator call,695.2239882,0,10,3,7, Done, dt, 13.776011799999992
711.0,Elevator call,710.324977,0,1,1,7, got allocated to elevator, 7
711.0, elevID,7,  pos,10,  cmd, goto,0
713.0,Elev,0,  arrived at src, -1, Elevator call,706.1583475,-1,-2,2,0
713.0, elevID,0,  pos,-1,  cmd, goto,-2
714.0,Elevator call,713.0191971,1,0,1,4, got allocated to elevator, 4
714.0,Elevator call,713.2499766,10,-1,1,0, got allocated to elevator, 0
714.0, elevID,4,  pos,0,  cmd, goto,1
716.0,Elev,6,  arrived at dest, 8, this call is done!, Elevator call,665.1155549,-1,8,3,6, Done, dt, 50.88444509999999
718.0,Elev,7,  arrived at src, 0, Elevator call,710.324977,0,1,2,7
718.0, elevID,7,  pos,0,  cmd, goto,1
719.0,Elev,0,  arrived at dest, -2, this call is done!, Elevator call,706.1583475,-1,-2,3,0, Done, dt, 12.84165250000001
719.0, elevID,0,  pos,-2,  cmd, goto,10
723.0,Elevator call,722.6161213,10,0,1,0, got allocated to elevator, 0
724.0,Elev,7,  arrived at dest, 1, this call is done!, Elevator call,710.324977,0,1,3,7, Done, dt, 13.67502300000001
725.0,Elev,4,  arrived at src, 1, Elevator call,713.0191971,1,0,2,4
725.0, elevID,4,  pos,1,  cmd, goto,0
726.0,Elev,0,  arrived at src, 10, Elevator call,713.2499766,10,-1,2,0
726.0,Elev,0,  arrived at src, 10, Elevator call,722.6161213,10,0,2,0
726.0, elevID,0,  pos,10,  cmd, goto,0
728.0,Elevator call,727.5146029,-1,0,1,6, got allocated to elevator, 6
728.0, elevID,6,  pos,8,  cmd, goto,-1
733.0,Elevator call,732.9746341,6,-1,1,2, got allocated to elevator, 2
733.0,Elev,0,  arrived at dest, 0, this call is done!, Elevator call,722.6161213,10,0,3,0, Done, dt, 10.383878699999968
733.0, elevID,0,  pos,0,  cmd, goto,-1
733.0, elevID,2,  pos,-1,  cmd, goto,6
736.0,Elev,4,  arrived at dest, 0, this call is done!, Elevator call,713.0191971,1,0,3,4, Done, dt, 22.980802899999958
738.0,Elevator call,737.3147202,1,0,1,4, got allocated to elevator, 4
738.0, elevID,4,  pos,0,  cmd, goto,1
739.0,Elev,0,  arrived at dest, -1, this call is done!, Elevator call,713.2499766,10,-1,3,0, Done, dt, 25.750023400000032
744.0,Elev,6,  arrived at src, -1, Elevator call,727.5146029,-1,0,2,6
744.0, elevID,6,  pos,-1,  cmd, goto,0
745.0,Elev,2,  arrived at src, 6, Elevator call,732.9746341,6,-1,2,2
745.0, elevID,2,  pos,6,  cmd, goto,-1
749.0,Elev,4,  arrived at src, 1, Elevator call,737.3147202,1,0,2,4
749.0, elevID,4,  pos,1,  cmd, goto,0
755.0,Elev,6,  arrived at dest, 0, this call is done!, Elevator call,727.5146029,-1,0,3,6, Done, dt, 27.4853971
757.0,Elev,2,  arrived at dest, -1, this call is done!, Elevator call,732.9746341,6,-1,3,2, Done, dt, 24.025365899999997
760.0,Elev,4,  arrived at dest, 0, this call is done!, Elevator call,737.3147202,1,0,3,4, Done, dt, 22.68527979999999
780.0,Elevator call,779.3996914,-1,5,1,6, got allocated to elevator, 6
780.0, elevID,6,  pos,0,  cmd, goto,-1
791.0,Elev,6,  arrived at src, -1, Elevator call,779.3996914,-1,5,2,6
791.0, elevID,6,  pos,-1,  cmd, goto,5
805.0,Elev,6,  arrived at dest, 5, this call is done!, Elevator call,779.3996914,-1,5,3,6, Done, dt, 25.60030859999995
806.0,Elevator call,805.6754743,-1,-2,1,0, got allocated to elevator, 0
806.0,Elev,0,  arrived at src, -1, Elevator call,805.6754743,-1,-2,2,0
806.0, elevID,0,  pos,-1,  cmd, goto,-2
811.0,Elevator call,810.4469089,2,0,1,4, got allocated to elevator, 4
811.0, elevID,4,  pos,0,  cmd, goto,2
812.0,Elev,0,  arrived at dest, -2, this call is done!, Elevator call,805.6754743,-1,-2,3,0, Done, dt, 6.324525699999981
817.0,Elevator call,816.1516998,7,-1,1,2, got allocated to elevator, 2
817.0, elevID,2,  pos,-1,  cmd, goto,7
822.0,Elev,4,  arrived at src, 2, Elevator call,810.4469089,2,0,2,4
822.0, elevID,4,  pos,2,  cmd, goto,0
826.0,Elevator call,825.4575185,7,0,1,2, got allocated to elevator, 2
829.0,Elev,2,  arrived at src, 7, Elevator call,816.1516998,7,-1,2,2
829.0,Elev,2,  arrived at src, 7, Elevator call,825.4575185,7,0,2,2
829.0, elevID,2,  pos,7,  cmd, goto,0
833.0,Elev,4,  arrived at dest, 0, this call is done!, Elevator call,810.4469089,2,0,3,4, Done, dt, 22.55309109999996
840.0,Elevator call,839.8525653,0,1,1,7, got allocated to elevator, 7
840.0, elevID,7,  pos,1,  cmd, goto,0
841.0,Elev,2,  arrived at dest, 0, this call is done!, Elevator call,825.4575185,7,0,3,2, Done, dt, 15.542481500000008
841.0, elevID,2,  pos,0,  cmd, goto,-1
846.0,Elev,7,  arrived at src, 0, Elevator call,839.8525653,0,1,2,7
846.0, elevID,7,  pos,0,  cmd, goto,1
852.0,Elev,2,  arrived at dest, -1, this call is done!, Elevator call,816.1516998,7,-1,3,2, Done, dt, 35.84830020000004
852.0,Elev,7,  arrived at dest, 1, this call is done!, Elevator call,839.8525653,0,1,3,7, Done, dt, 12.147434699999963
855.0,Elevator call,854.2002278,6,-1,1,2, got allocated to elevator, 2
855.0, elevID,2,  pos,-1,  cmd, goto,6
864.0,Elevator call,863.8932913,0,-1,1,8, got allocated to elevator, 8
864.0, elevID,8,  pos,-1,  cmd, goto,0
867.0,Elev,2,  arrived at src, 6, Elevator call,854.2002278,6,-1,2,2
867.0, elevID,2,  pos,6,  cmd, goto,-1
870.0,Elev,8,  arrived at src, 0, Elevator call,863.8932913,0,-1,2,8
870.0, elevID,8,  pos,0,  cmd, goto,-1
871.0,Elevator call,870.5053024,0,7,1,7, got allocated to elevator, 7
871.0, elevID,7,  pos,1,  cmd, goto,0
876.0,Elev,8,  arrived at dest, -1, this call is done!, Elevator call,863.8932913,0,-1,3,8, Done, dt, 12.106708700000013
877.0,Elev,7,  arrived at src, 0, Elevator call,870.5053024,0,7,2,7
877.0, elevID,7,  pos,0,  cmd, goto,7
879.0,Elev,2,  arrived at dest, -1, this call is done!, Elevator call,854.2002278,6,-1,3,2, Done, dt, 24.799772200000007
884.0,Elev,7,  arrived at dest, 7, this call is done!, Elevator call,870.5053024,0,7,3,7, Done, dt, 13.494697599999995
887.0,Elevator call,886.5649993,-1,-2,1,0, got allocated to elevator, 0
887.0, elevID,0,  pos,-2,  cmd, goto,-1
893.0,Elevator call,892.5212151,9,-1,1,8, got allocated to elevator, 8
893.0,Elev,0,  arrived at src, -1, Elevator call,886.5649993,-1,-2,2,0
893.0, elevID,0,  pos,-1,  cmd, goto,-2
893.0, elevID,8,  pos,-1,  cmd, goto,9
899.0,Elev,0,  arrived at dest, -2, this call is done!, Elevator call,886.5649993,-1,-2,3,0, Done, dt, 12.435000700000046
900.0,Elev,8,  arrived at src, 9, Elevator call,892.5212151,9,-1,2,8
900.0, elevID,8,  pos,9,  cmd, goto,-1
907.0,Elev,8,  arrived at dest, -1, this call is done!, Elevator call,892.5212151,9,-1,3,8, Done, dt, 14.47878490000005
911.0,Elevator call,910.5388559,6,5,1,2, got allocated to elevator, 2
911.0, elevID,2,  pos,-1,  cmd, goto,6
916.0,Elevator call,915.9490575,4,-1,1,4, got allocated to elevator, 4
916.0, elevID,4,  pos,0,  cmd, goto,4
923.0,Elev,2,  arrived at src, 6, Elevator call,910.5388559,6,5,2,2
923.0, elevID,2,  pos,6,  cmd, goto,5
928.0,Elev,4,  arrived at src, 4, Elevator call,915.9490575,4,-1,2,4
928.0, elevID,4,  pos,4,  cmd, goto,-1
934.0,Elevator call,933.8580452,7,5,1,2, got allocated to elevator, 2
934.0,Elev,2,  arrived at dest, 5, this call is done!, Elevator call,910.5388559,6,5,3,2, Done, dt, 23.461144099999956
934.0, elevID,2,  pos,5,  cmd, goto,7
940.0,Elev,4,  arrived at dest, -1, this call is done!, Elevator call,915.9490575,4,-1,3,4, Done, dt, 24.05094250000002
945.0,Elev,2,  arrived at src, 7, Elevator call,933.8580452,7,5,2,2
945.0, elevID,2,  pos,7,  cmd, goto,5
956.0,Elev,2,  arrived at dest, 5, this call is done!, Elevator call,933.8580452,7,5,3,2, Done, dt, 22.141954800000008
962.0,Elevator call,961.6862856,6,-1,1,2, got allocated to elevator, 2
962.0, elevID,2,  pos,5,  cmd, goto,6
973.0,Elevator call,972.8032126,1,0,1,4, got allocated to elevator, 4
973.0,Elev,2,  arrived at src, 6, Elevator call,961.6862856,6,-1,2,2
973.0, elevID,2,  pos,6,  cmd, goto,-1
973.0, elevID,4,  pos,-1,  cmd, goto,1
976.0,Elevator call,975.8361203,0,-1,1,8, got allocated to elevator, 8
976.0, elevID,8,  pos,-1,  cmd, goto,0
979.0,Elevator call,978.5925149,10,0,1,0, got allocated to elevator, 0
979.0,Elevator call,978.6210501,10,-1,1,0, got allocated to elevator, 0
979.0, elevID,0,  pos,-2,  cmd, goto,10
982.0,Elev,8,  arrived at src, 0, Elevator call,975.8361203,0,-1,2,8
982.0, elevID,8,  pos,0,  cmd, goto,-1
984.0,Elev,4,  arrived at src, 1, Elevator call,972.8032126,1,0,2,4
984.0, elevID,4,  pos,1,  cmd, goto,0
985.0,Elevator call,984.1840186,7,0,1,2, got allocated to elevator, 2
985.0,Elev,2,  arrived at dest, -1, this call is done!, Elevator call,961.6862856,6,-1,3,2, Done, dt, 23.31371439999998
985.0, elevID,2,  pos,-1,  cmd, goto,7
986.0,Elev,0,  arrived at src, 10, Elevator call,978.5925149,10,0,2,0
986.0,Elev,0,  arrived at src, 10, Elevator call,978.6210501,10,-1,2,0
986.0, elevID,0,  pos,10,  cmd, goto,0
988.0,Elev,8,  arrived at dest, -1, this call is done!, Elevator call,975.8361203,0,-1,3,8, Done, dt, 12.163879700000052
993.0,Elev,0,  arrived at dest, 0, this call is done!, Elevator call,978.5925149,10,0,3,0, Done, dt, 14.40748510000003
993.0, elevID,0,  pos,0,  cmd, goto,-1
995.0,Elev,4,  arrived at dest, 0, this call is done!, Elevator call,972.8032126,1,0,3,4, Done, dt, 22.19678739999995
997.0,Elev,2,  arrived at src, 7, Elevator call,984.1840186,7,0,2,2
997.0, elevID,2,  pos,7,  cmd, goto,0
999.0,Elev,0,  arrived at dest, -1, this call is done!, Elevator call,978.6210501,10,-1,3,0, Done, dt, 20.378949899999952
1009.0,Elev,2,  arrived at dest, 0, this call is done!, Elevator call,984.1840186,7,0,3,2, Done, dt, 24.815981400000055
1010.0,************* Simulation Ended ************
Code Owners,206398984,  Building_file,B5.json,  Calls,B5.call_a.csv
Total waiting time: 2062.0,  average waiting time per call: 20.62,  unCompleted calls,0,  certificate, -58552296
